{"time": "2025-07-07 16:47:14,394", "pipeline": "pangenome", "schema": "pangenome", "table": "genome", "level": "INFO", "module": "2429897051", "msg": "Notebook started"}
{"time": "2025-07-07 16:47:14,407", "pipeline": "pangenome", "schema": "pangenome", "table": "genome", "level": "INFO", "module": "config_loader", "msg": "ConfigLoader initialized for target table: genome"}
{"time": "2025-07-07 16:47:14,407", "pipeline": "pangenome", "schema": "pangenome", "table": "genome", "level": "INFO", "module": "config_loader", "msg": "Resolved config path: s3a://cdm-lake/config-json/genome.json"}
{"time": "2025-07-07 16:47:14,408", "pipeline": "pangenome", "schema": "pangenome", "table": "genome", "level": "INFO", "module": "config_loader", "msg": "Loading config from MinIO: bucket=cdm-lake, key=config-json/genome.json"}
{"time": "2025-07-07 16:47:14,574", "pipeline": "pangenome", "schema": "pangenome", "table": "genome", "level": "INFO", "module": "config_loader", "msg": "Config loaded successfully from MinIO"}
{"time": "2025-07-07 16:47:14,575", "pipeline": "pangenome", "schema": "pangenome", "table": "genome", "level": "INFO", "module": "config_loader", "msg": "All required fields are present in the config"}
{"time": "2025-07-07 16:47:14,576", "pipeline": "pangenome", "schema": "pangenome", "table": "genome", "level": "DEBUG", "module": "config_loader", "msg": "Target table: pangenome.genome"}
{"time": "2025-07-07 16:47:14,869", "pipeline": "pangenome", "schema": "pangenome", "table": "genome", "level": "INFO", "module": "spark_session", "msg": "Found 4 JARs in /home/jovyan/jars"}
{"time": "2025-07-07 16:47:14,870", "pipeline": "pangenome", "schema": "pangenome", "table": "genome", "level": "DEBUG", "module": "spark_session", "msg": "JARs: ['/home/jovyan/jars/aws-java-sdk-bundle-1.12.367.jar', '/home/jovyan/jars/delta-core_2.12-2.4.0.jar', '/home/jovyan/jars/delta-storage-2.4.0.jar', '/home/jovyan/jars/hadoop-aws-3.3.4.jar']"}
{"time": "2025-07-07 16:47:14,871", "pipeline": "pangenome", "schema": "pangenome", "table": "genome", "level": "INFO", "module": "spark_session", "msg": "Starting Spark session..."}
{"time": "2025-07-07 16:47:19,112", "pipeline": "pangenome", "schema": "pangenome", "table": "genome", "level": "INFO", "module": "spark_session", "msg": "Spark session started successfully"}
{"time": "2025-07-07 16:47:19,125", "pipeline": "pangenome", "schema": "pangenome", "table": "genome", "level": "DEBUG", "module": "config_loader", "msg": "Input files: [{'source': 'GTDB', 'file_path': 's3a://cdm-lake/bronze/gtdb/sp_clusters_r214.tsv', 'file_type': 'tsv', 'delimiter': '\t', 'ignore_first_line': 'no'}, {'source': 'NCBI', 'file_path': 's3a://cdm-lake/bronze/ncbi/assembly_summary_genbank.txt', 'file_type': 'tsv', 'delimiter': '\t', 'ignore_first_line': 'yes'}]"}
{"time": "2025-07-07 16:47:19,126", "pipeline": "pangenome", "schema": "pangenome", "table": "genome", "level": "INFO", "module": "input_file_validator", "msg": "Starting input file validation..."}
{"time": "2025-07-07 16:47:19,132", "pipeline": "pangenome", "schema": "pangenome", "table": "genome", "level": "INFO", "module": "input_file_validator", "msg": "Checking file: s3a://cdm-lake/bronze/gtdb/sp_clusters_r214.tsv"}
{"time": "2025-07-07 16:47:19,140", "pipeline": "pangenome", "schema": "pangenome", "table": "genome", "level": "INFO", "module": "input_file_validator", "msg": "File exists: s3://cdm-lake/bronze/gtdb/sp_clusters_r214.tsv"}
{"time": "2025-07-07 16:47:19,258", "pipeline": "pangenome", "schema": "pangenome", "table": "genome", "level": "DEBUG", "module": "input_file_validator", "msg": "Line 1: Tab-delimited"}
{"time": "2025-07-07 16:47:19,259", "pipeline": "pangenome", "schema": "pangenome", "table": "genome", "level": "DEBUG", "module": "input_file_validator", "msg": "Line 2: Tab-delimited"}
{"time": "2025-07-07 16:47:19,260", "pipeline": "pangenome", "schema": "pangenome", "table": "genome", "level": "DEBUG", "module": "input_file_validator", "msg": "Line 3: Tab-delimited"}
{"time": "2025-07-07 16:47:19,260", "pipeline": "pangenome", "schema": "pangenome", "table": "genome", "level": "DEBUG", "module": "input_file_validator", "msg": "Line 4: Tab-delimited"}
{"time": "2025-07-07 16:47:19,261", "pipeline": "pangenome", "schema": "pangenome", "table": "genome", "level": "DEBUG", "module": "input_file_validator", "msg": "Line 5: Tab-delimited"}
{"time": "2025-07-07 16:47:19,262", "pipeline": "pangenome", "schema": "pangenome", "table": "genome", "level": "INFO", "module": "input_file_validator", "msg": "Checking file: s3a://cdm-lake/bronze/ncbi/assembly_summary_genbank.txt"}
{"time": "2025-07-07 16:47:19,268", "pipeline": "pangenome", "schema": "pangenome", "table": "genome", "level": "INFO", "module": "input_file_validator", "msg": "File exists: s3://cdm-lake/bronze/ncbi/assembly_summary_genbank.txt"}
{"time": "2025-07-07 16:48:06,782", "pipeline": "pangenome", "schema": "pangenome", "table": "genome", "level": "DEBUG", "module": "input_file_validator", "msg": "Line 2: Tab-delimited"}
{"time": "2025-07-07 16:48:06,878", "pipeline": "pangenome", "schema": "pangenome", "table": "genome", "level": "DEBUG", "module": "input_file_validator", "msg": "Line 3: Tab-delimited"}
{"time": "2025-07-07 16:48:06,880", "pipeline": "pangenome", "schema": "pangenome", "table": "genome", "level": "DEBUG", "module": "input_file_validator", "msg": "Line 4: Tab-delimited"}
{"time": "2025-07-07 16:48:06,882", "pipeline": "pangenome", "schema": "pangenome", "table": "genome", "level": "DEBUG", "module": "input_file_validator", "msg": "Line 5: Tab-delimited"}
{"time": "2025-07-07 16:48:06,883", "pipeline": "pangenome", "schema": "pangenome", "table": "genome", "level": "DEBUG", "module": "input_file_validator", "msg": "Line 6: Tab-delimited"}
{"time": "2025-07-07 16:48:17,225", "pipeline": "pangenome", "schema": "pangenome", "table": "genome", "level": "INFO", "module": "validate_schema", "msg": "Starting schema vs. file validation"}
{"time": "2025-07-07 16:48:17,370", "pipeline": "pangenome", "schema": "pangenome", "table": "genome", "level": "DEBUG", "module": "config_loader", "msg": "Output file: {'output_file_path': 's3a://cdm-lake/pangenome-source/table_genome_V1.1.tsv', 'file_type': 'tsv', 'delimiter': '\t', 'ignore_first_line': 'no'}"}
{"time": "2025-07-07 16:48:17,372", "pipeline": "pangenome", "schema": "pangenome", "table": "genome", "level": "INFO", "module": "validate_schema", "msg": "Output file: s3a://cdm-lake/pangenome-source/table_genome_V1.1.tsv"}
{"time": "2025-07-07 16:48:17,373", "pipeline": "pangenome", "schema": "pangenome", "table": "genome", "level": "DEBUG", "module": "validate_schema", "msg": "Delimiter: 	, Ignore first line: False"}
{"time": "2025-07-07 16:48:18,056", "pipeline": "pangenome", "schema": "pangenome", "table": "genome", "level": "INFO", "module": "validate_schema", "msg": "Header columns successfully extracted from output file"}
{"time": "2025-07-07 16:48:18,057", "pipeline": "pangenome", "schema": "pangenome", "table": "genome", "level": "DEBUG", "module": "validate_schema", "msg": "Header columns: ['genome_id', 'gtdb_species_clade_id', 'gtdb_taxonomy_id', 'ncbi_biosample_id', 'fna_file_path_nersc', 'faa_file_path_nersc']"}
{"time": "2025-07-07 16:48:18,059", "pipeline": "pangenome", "schema": "pangenome", "table": "genome", "level": "DEBUG", "module": "config_loader", "msg": "Schema file path: s3a://cdm-lake/schemas/pangenome-schema.yaml"}
{"time": "2025-07-07 16:48:18,060", "pipeline": "pangenome", "schema": "pangenome", "table": "genome", "level": "INFO", "module": "validate_schema", "msg": "Schema file: s3a://cdm-lake/schemas/pangenome-schema.yaml"}
{"time": "2025-07-07 16:48:18,124", "pipeline": "pangenome", "schema": "pangenome", "table": "genome", "level": "INFO", "module": "validate_schema", "msg": "Schema loaded successfully"}
{"time": "2025-07-07 16:48:18,125", "pipeline": "pangenome", "schema": "pangenome", "table": "genome", "level": "DEBUG", "module": "validate_schema", "msg": "Schema columns: ['genome_id', 'gtdb_taxonomy_id', 'gtdb_species_clade_id', 'ncbi_biosample_id', 'fna_file_path_nersc', 'faa_file_path_nersc']"}
{"time": "2025-07-07 16:48:18,126", "pipeline": "pangenome", "schema": "pangenome", "table": "genome", "level": "INFO", "module": "validate_schema", "msg": "Comparison between schema and file header completed"}
{"time": "2025-07-07 16:48:18,127", "pipeline": "pangenome", "schema": "pangenome", "table": "genome", "level": "INFO", "module": "validate_schema", "msg": "All schema columns are present in the file"}
{"time": "2025-07-07 16:48:18,128", "pipeline": "pangenome", "schema": "pangenome", "table": "genome", "level": "INFO", "module": "validate_schema", "msg": "No extra columns in the file"}
{"time": "2025-07-07 16:48:18,153", "pipeline": "pangenome", "schema": "pangenome", "table": "genome", "level": "DEBUG", "module": "config_loader", "msg": "Output file: {'output_file_path': 's3a://cdm-lake/pangenome-source/table_genome_V1.1.tsv', 'file_type': 'tsv', 'delimiter': '\t', 'ignore_first_line': 'no'}"}
{"time": "2025-07-07 16:48:18,154", "pipeline": "pangenome", "schema": "pangenome", "table": "genome", "level": "INFO", "module": "run_validations", "msg": "Starting validation on file: s3a://cdm-lake/pangenome-source/table_genome_V1.1.tsv"}
{"time": "2025-07-07 16:48:18,155", "pipeline": "pangenome", "schema": "pangenome", "table": "genome", "level": "DEBUG", "module": "run_validations", "msg": "Delimiter: 	, Ignore first line: False"}
{"time": "2025-07-07 16:48:18,156", "pipeline": "pangenome", "schema": "pangenome", "table": "genome", "level": "DEBUG", "module": "config_loader", "msg": "Validations: [{'column': 'genome_id', 'validation_type': 'not_null', 'error_message': 'Missing genome_id'}, {'column': 'genome_id', 'validation_type': 'regex_match', 'pattern': '^[A-Za-z0-9_.-]+$', 'error_message': 'Invalid genome_id format'}, {'column': 'gtdb_taxonomy_id', 'validation_type': 'not_null', 'error_message': 'Missing taxonomy ID'}, {'column': 'gtdb_species_clade_id', 'validation_type': 'not_null', 'error_message': 'Missing species clade ID'}]"}
{"time": "2025-07-07 16:48:18,157", "pipeline": "pangenome", "schema": "pangenome", "table": "genome", "level": "DEBUG", "module": "run_validations", "msg": "Validation rules: [{'column': 'genome_id', 'validation_type': 'not_null', 'error_message': 'Missing genome_id'}, {'column': 'genome_id', 'validation_type': 'regex_match', 'pattern': '^[A-Za-z0-9_.-]+$', 'error_message': 'Invalid genome_id format'}, {'column': 'gtdb_taxonomy_id', 'validation_type': 'not_null', 'error_message': 'Missing taxonomy ID'}, {'column': 'gtdb_species_clade_id', 'validation_type': 'not_null', 'error_message': 'Missing species clade ID'}]"}
{"time": "2025-07-07 16:48:20,670", "pipeline": "pangenome", "schema": "pangenome", "table": "genome", "level": "INFO", "module": "run_validations", "msg": "Running validations..."}
{"time": "2025-07-07 16:48:20,671", "pipeline": "pangenome", "schema": "pangenome", "table": "genome", "level": "DEBUG", "module": "run_validations", "msg": "Header columns: ['genome_id', 'gtdb_species_clade_id', 'gtdb_taxonomy_id', 'ncbi_biosample_id', 'fna_file_path_nersc', 'faa_file_path_nersc']"}
{"time": "2025-07-07 16:48:20,989", "pipeline": "pangenome", "schema": "pangenome", "table": "genome", "level": "INFO", "module": "run_validations", "msg": "Validation summary:"}
{"time": "2025-07-07 16:48:20,989", "pipeline": "pangenome", "schema": "pangenome", "table": "genome", "level": "INFO", "module": "run_validations", "msg": "All validation rules passed. No issues found."}
{"time": "2025-07-07 16:48:21,053", "pipeline": "pangenome", "schema": "pangenome", "table": "genome", "level": "INFO", "module": "config_loader", "msg": "Loading config from MinIO: bucket=cdm-lake, key=config-json/genome.json"}
{"time": "2025-07-07 16:48:21,064", "pipeline": "pangenome", "schema": "pangenome", "table": "genome", "level": "INFO", "module": "config_loader", "msg": "Config loaded successfully from MinIO"}
{"time": "2025-07-07 16:48:21,065", "pipeline": "pangenome", "schema": "pangenome", "table": "genome", "level": "INFO", "module": "config_loader", "msg": "All required fields are present in the config"}
{"time": "2025-07-07 16:48:21,066", "pipeline": "pangenome", "schema": "pangenome", "table": "genome", "level": "DEBUG", "module": "config_loader", "msg": "Referential integrity rules: [{'foreign_key': 'genome_id', 'reference_table': 'gtdb_metadata', 'reference_column': 'accession', 'database': 'pangenome', 'action': 'log'}, {'foreign_key': 'gtdb_species_clade_id', 'reference_table': 'gtdb_species_clade', 'reference_column': 'gtdb_species_clade_id', 'database': 'pangenome', 'action': 'log'}, {'foreign_key': 'gtdb_taxonomy_id', 'reference_table': 'gtdb_taxonomy_r214v1', 'reference_column': 'gtdb_taxonomy_id', 'database': 'pangenome', 'action': 'log'}]"}
{"time": "2025-07-07 16:48:21,066", "pipeline": "pangenome", "schema": "pangenome", "table": "genome", "level": "DEBUG", "module": "config_loader", "msg": "Target table: pangenome.genome"}
{"time": "2025-07-07 16:48:28,398", "pipeline": "pangenome", "schema": "pangenome", "table": "genome", "level": "INFO", "module": "run_referential_integrity_checks", "msg": "Starting referential integrity checks for table: pangenome.genome"}
{"time": "2025-07-07 16:48:28,399", "pipeline": "pangenome", "schema": "pangenome", "table": "genome", "level": "INFO", "module": "run_referential_integrity_checks", "msg": "Checking foreign key: genome_id in pangenome.genome → accession in pangenome.gtdb_metadata"}
{"time": "2025-07-07 16:48:34,570", "pipeline": "pangenome", "schema": "pangenome", "table": "genome", "level": "INFO", "module": "run_referential_integrity_checks", "msg": "Violations found: 0"}
{"time": "2025-07-07 16:48:34,572", "pipeline": "pangenome", "schema": "pangenome", "table": "genome", "level": "INFO", "module": "run_referential_integrity_checks", "msg": "Checking foreign key: gtdb_species_clade_id in pangenome.genome → gtdb_species_clade_id in pangenome.gtdb_species_clade"}
{"time": "2025-07-07 16:48:36,050", "pipeline": "pangenome", "schema": "pangenome", "table": "genome", "level": "INFO", "module": "run_referential_integrity_checks", "msg": "Violations found: 0"}
{"time": "2025-07-07 16:48:36,051", "pipeline": "pangenome", "schema": "pangenome", "table": "genome", "level": "INFO", "module": "run_referential_integrity_checks", "msg": "Checking foreign key: gtdb_taxonomy_id in pangenome.genome → gtdb_taxonomy_id in pangenome.gtdb_taxonomy_r214v1"}
{"time": "2025-07-07 16:48:37,595", "pipeline": "pangenome", "schema": "pangenome", "table": "genome", "level": "INFO", "module": "run_referential_integrity_checks", "msg": "Violations found: 293059"}
{"time": "2025-07-07 16:48:37,597", "pipeline": "pangenome", "schema": "pangenome", "table": "genome", "level": "WARNING", "module": "run_referential_integrity_checks", "msg": "293059 violations found in referential integrity check for FK gtdb_taxonomy_id"}
{"time": "2025-07-07 16:48:38,243", "pipeline": "pangenome", "schema": "pangenome", "table": "genome", "level": "DEBUG", "module": "config_loader", "msg": "Logging config: {'error_table': 'genome_errors', 'output_delta_path': 's3a://cdm-lake/logs/errors/genome'}"}
{"time": "2025-07-07 16:48:41,778", "pipeline": "pangenome", "schema": "pangenome", "table": "genome", "level": "INFO", "module": "run_referential_integrity_checks", "msg": "Violations logged to Delta table: pangenome.genome_errors at s3a://cdm-lake/logs/errors/genome"}
{"time": "2025-07-07 16:48:41,779", "pipeline": "pangenome", "schema": "pangenome", "table": "genome", "level": "ERROR", "module": "run_referential_integrity_checks", "msg": "Referential integrity check failed on FK gtdb_taxonomy_id. Stopping further checks."}
{"time": "2025-07-07 16:48:41,780", "pipeline": "pangenome", "schema": "pangenome", "table": "genome", "level": "WARNING", "module": "run_referential_integrity_checks", "msg": "Referential integrity check(s) failed."}
