{"time": "2025-07-09 04:54:46,222", "pipeline": "pangenome", "schema": "pangenome", "table": "gtdb_species_clade", "level": "INFO", "module": "927176468", "msg": "Notebook started"}
{"time": "2025-07-09 04:54:46,240", "pipeline": "pangenome", "schema": "pangenome", "table": "gtdb_species_clade", "level": "INFO", "module": "config_loader", "msg": "ConfigLoader initialized for target table: gtdb_species_clade"}
{"time": "2025-07-09 04:54:46,241", "pipeline": "pangenome", "schema": "pangenome", "table": "gtdb_species_clade", "level": "INFO", "module": "config_loader", "msg": "Resolved config path: s3a://cdm-lake/config-json/gtdb_species_clade.json"}
{"time": "2025-07-09 04:54:46,242", "pipeline": "pangenome", "schema": "pangenome", "table": "gtdb_species_clade", "level": "INFO", "module": "config_loader", "msg": "Loading config from MinIO: bucket=cdm-lake, key=config-json/gtdb_species_clade.json"}
{"time": "2025-07-09 04:54:46,395", "pipeline": "pangenome", "schema": "pangenome", "table": "gtdb_species_clade", "level": "INFO", "module": "config_loader", "msg": "Config loaded successfully from MinIO"}
{"time": "2025-07-09 04:54:46,396", "pipeline": "pangenome", "schema": "pangenome", "table": "gtdb_species_clade", "level": "INFO", "module": "config_loader", "msg": "All required fields are present in the config"}
{"time": "2025-07-09 04:54:46,396", "pipeline": "pangenome", "schema": "pangenome", "table": "gtdb_species_clade", "level": "DEBUG", "module": "config_loader", "msg": "Target table: pangenome.gtdb_species_clade"}
{"time": "2025-07-09 04:54:46,673", "pipeline": "pangenome", "schema": "pangenome", "table": "gtdb_species_clade", "level": "INFO", "module": "spark_session", "msg": "Found 4 JARs in /home/jovyan/jars"}
{"time": "2025-07-09 04:54:46,674", "pipeline": "pangenome", "schema": "pangenome", "table": "gtdb_species_clade", "level": "DEBUG", "module": "spark_session", "msg": "JARs: ['/home/jovyan/jars/aws-java-sdk-bundle-1.12.367.jar', '/home/jovyan/jars/delta-core_2.12-2.4.0.jar', '/home/jovyan/jars/delta-storage-2.4.0.jar', '/home/jovyan/jars/hadoop-aws-3.3.4.jar']"}
{"time": "2025-07-09 04:54:46,674", "pipeline": "pangenome", "schema": "pangenome", "table": "gtdb_species_clade", "level": "INFO", "module": "spark_session", "msg": "Starting Spark session..."}
{"time": "2025-07-09 04:54:50,996", "pipeline": "pangenome", "schema": "pangenome", "table": "gtdb_species_clade", "level": "INFO", "module": "spark_session", "msg": "Spark session started successfully"}
{"time": "2025-07-09 04:54:54,090", "pipeline": "pangenome", "schema": "pangenome", "table": "gtdb_species_clade", "level": "INFO", "module": "validate_schema", "msg": "Starting schema vs. file validation"}
{"time": "2025-07-09 04:54:54,095", "pipeline": "pangenome", "schema": "pangenome", "table": "gtdb_species_clade", "level": "DEBUG", "module": "config_loader", "msg": "Output file: {'output_file_path': 's3a://cdm-lake/pangenome-source/table_gtdb_species_clade_V1.1.tsv', 'file_type': 'tsv', 'delimiter': '\t', 'ignore_first_line': 'no'}"}
{"time": "2025-07-09 04:54:54,096", "pipeline": "pangenome", "schema": "pangenome", "table": "gtdb_species_clade", "level": "INFO", "module": "validate_schema", "msg": "Output file: s3a://cdm-lake/pangenome-source/table_gtdb_species_clade_V1.1.tsv"}
{"time": "2025-07-09 04:54:54,097", "pipeline": "pangenome", "schema": "pangenome", "table": "gtdb_species_clade", "level": "DEBUG", "module": "validate_schema", "msg": "Delimiter: 	, Ignore first line: False"}
{"time": "2025-07-09 04:54:54,133", "pipeline": "pangenome", "schema": "pangenome", "table": "gtdb_species_clade", "level": "INFO", "module": "validate_schema", "msg": "Header columns successfully extracted from output file"}
{"time": "2025-07-09 04:54:54,134", "pipeline": "pangenome", "schema": "pangenome", "table": "gtdb_species_clade", "level": "DEBUG", "module": "validate_schema", "msg": "Header columns: ['gtdb_species_clade_id', 'representative_genome_id', 'GTDB_species', 'GTDB_taxonomy', 'ANI_circumscription_radius', 'mean_intra_species_ANI', 'min_intra_species_ANI', 'mean_intra_species_AF', 'min_intra_species_AF', 'no_clustered_genomes_unfiltered', 'no_clustered_genomes_filtered']"}
{"time": "2025-07-09 04:54:54,135", "pipeline": "pangenome", "schema": "pangenome", "table": "gtdb_species_clade", "level": "DEBUG", "module": "config_loader", "msg": "Schema file path: s3a://cdm-lake/schemas/pangenome-schema.yaml"}
{"time": "2025-07-09 04:54:54,136", "pipeline": "pangenome", "schema": "pangenome", "table": "gtdb_species_clade", "level": "INFO", "module": "validate_schema", "msg": "Schema file: s3a://cdm-lake/schemas/pangenome-schema.yaml"}
{"time": "2025-07-09 04:54:54,150", "pipeline": "pangenome", "schema": "pangenome", "table": "gtdb_species_clade", "level": "DEBUG", "module": "config_loader", "msg": "Target table: pangenome.gtdb_species_clade"}
{"time": "2025-07-09 04:54:54,152", "pipeline": "pangenome", "schema": "pangenome", "table": "gtdb_species_clade", "level": "INFO", "module": "validate_schema", "msg": "Derived schema class name: gtdb_species_clade"}
{"time": "2025-07-09 04:54:54,152", "pipeline": "pangenome", "schema": "pangenome", "table": "gtdb_species_clade", "level": "ERROR", "module": "validate_schema", "msg": "Failed to load or parse schema YAML: Class 'gtdb_species_clade' not found in schema YAML."}
Traceback (most recent call last):
  File "/home/jovyan/work/data-governance-framework/src/validate_schema.py", line 64, in validate_schema_against_file
    raise ValueError(f"Class '{class_name}' not found in schema YAML.")
ValueError: Class 'gtdb_species_clade' not found in schema YAML.
{"time": "2025-07-09 04:55:52,112", "pipeline": "pangenome", "schema": "pangenome", "table": "gtdb_species_clade", "level": "INFO", "module": "validate_schema", "msg": "Starting schema vs. file validation"}
{"time": "2025-07-09 04:55:52,118", "pipeline": "pangenome", "schema": "pangenome", "table": "gtdb_species_clade", "level": "DEBUG", "module": "config_loader", "msg": "Output file: {'output_file_path': 's3a://cdm-lake/pangenome-source/table_gtdb_species_clade_V1.1.tsv', 'file_type': 'tsv', 'delimiter': '\t', 'ignore_first_line': 'no'}"}
{"time": "2025-07-09 04:55:52,119", "pipeline": "pangenome", "schema": "pangenome", "table": "gtdb_species_clade", "level": "INFO", "module": "validate_schema", "msg": "Output file: s3a://cdm-lake/pangenome-source/table_gtdb_species_clade_V1.1.tsv"}
{"time": "2025-07-09 04:55:52,120", "pipeline": "pangenome", "schema": "pangenome", "table": "gtdb_species_clade", "level": "DEBUG", "module": "validate_schema", "msg": "Delimiter: 	, Ignore first line: False"}
{"time": "2025-07-09 04:55:52,162", "pipeline": "pangenome", "schema": "pangenome", "table": "gtdb_species_clade", "level": "INFO", "module": "validate_schema", "msg": "Header columns successfully extracted from output file"}
{"time": "2025-07-09 04:55:52,163", "pipeline": "pangenome", "schema": "pangenome", "table": "gtdb_species_clade", "level": "DEBUG", "module": "validate_schema", "msg": "Header columns: ['gtdb_species_clade_id', 'representative_genome_id', 'GTDB_species', 'GTDB_taxonomy', 'ANI_circumscription_radius', 'mean_intra_species_ANI', 'min_intra_species_ANI', 'mean_intra_species_AF', 'min_intra_species_AF', 'no_clustered_genomes_unfiltered', 'no_clustered_genomes_filtered']"}
{"time": "2025-07-09 04:55:52,163", "pipeline": "pangenome", "schema": "pangenome", "table": "gtdb_species_clade", "level": "DEBUG", "module": "config_loader", "msg": "Schema file path: s3a://cdm-lake/schemas/pangenome-schema.yaml"}
{"time": "2025-07-09 04:55:52,164", "pipeline": "pangenome", "schema": "pangenome", "table": "gtdb_species_clade", "level": "INFO", "module": "validate_schema", "msg": "Schema file: s3a://cdm-lake/schemas/pangenome-schema.yaml"}
{"time": "2025-07-09 04:55:52,180", "pipeline": "pangenome", "schema": "pangenome", "table": "gtdb_species_clade", "level": "DEBUG", "module": "config_loader", "msg": "Target table: pangenome.gtdb_species_clade"}
{"time": "2025-07-09 04:55:52,181", "pipeline": "pangenome", "schema": "pangenome", "table": "gtdb_species_clade", "level": "INFO", "module": "validate_schema", "msg": "Derived schema class name: gtdb_species_clade"}
{"time": "2025-07-09 04:55:52,182", "pipeline": "pangenome", "schema": "pangenome", "table": "gtdb_species_clade", "level": "INFO", "module": "validate_schema", "msg": "Schema loaded and class found successfully"}
{"time": "2025-07-09 04:55:52,182", "pipeline": "pangenome", "schema": "pangenome", "table": "gtdb_species_clade", "level": "DEBUG", "module": "validate_schema", "msg": "Schema columns: ['gtdb_species_clade_id', 'representative_genome_id', 'GTDB_species', 'GTDB_taxonomy', 'ANI_circumscription_radius', 'mean_intra_species_ANI', 'min_intra_species_ANI', 'mean_intra_species_AF', 'min_intra_species_AF', 'no_clustered_genomes_unfiltered', 'no_clustered_genomes_filtered']"}
{"time": "2025-07-09 04:55:52,183", "pipeline": "pangenome", "schema": "pangenome", "table": "gtdb_species_clade", "level": "INFO", "module": "validate_schema", "msg": "Comparison between schema and file header completed"}
{"time": "2025-07-09 04:55:52,184", "pipeline": "pangenome", "schema": "pangenome", "table": "gtdb_species_clade", "level": "INFO", "module": "validate_schema", "msg": "All schema columns are present in the file"}
{"time": "2025-07-09 04:55:52,185", "pipeline": "pangenome", "schema": "pangenome", "table": "gtdb_species_clade", "level": "INFO", "module": "validate_schema", "msg": "No extra columns in the file"}
{"time": "2025-07-09 04:56:27,957", "pipeline": "pangenome", "schema": "pangenome", "table": "gtdb_species_clade", "level": "DEBUG", "module": "config_loader", "msg": "Output file: {'output_file_path': 's3a://cdm-lake/pangenome-source/table_gtdb_species_clade_V1.1.tsv', 'file_type': 'tsv', 'delimiter': '\t', 'ignore_first_line': 'no'}"}
{"time": "2025-07-09 04:56:27,958", "pipeline": "pangenome", "schema": "pangenome", "table": "gtdb_species_clade", "level": "INFO", "module": "run_validations", "msg": "Starting validation on file: s3a://cdm-lake/pangenome-source/table_gtdb_species_clade_V1.1.tsv"}
{"time": "2025-07-09 04:56:27,958", "pipeline": "pangenome", "schema": "pangenome", "table": "gtdb_species_clade", "level": "DEBUG", "module": "run_validations", "msg": "Delimiter: 	, Ignore first line: False"}
{"time": "2025-07-09 04:56:27,959", "pipeline": "pangenome", "schema": "pangenome", "table": "gtdb_species_clade", "level": "DEBUG", "module": "config_loader", "msg": "Validations: [{'column': 'gtdb_species_clade_id', 'validation_type': 'not_null', 'error_message': 'Missing species clade ID'}, {'column': 'gtdb_species_clade_id', 'validation_type': 'regex_match', 'pattern': '^[A-Za-z0-9_.-]+$', 'error_message': 'Invalid clade ID format'}, {'column': 'ANI_circumscription_radius', 'validation_type': 'numeric_range', 'min': 0, 'max': 100, 'error_message': 'ANI_circumscription_radius must be between 0 and 100'}, {'column': 'mean_intra_species_ANI', 'validation_type': 'numeric_range', 'min': 0, 'max': 100, 'error_message': 'mean_intra_species_ANI must be between 0 and 100'}, {'column': 'min_intra_species_ANI', 'validation_type': 'numeric_range', 'min': 0, 'max': 100, 'error_message': 'min_intra_species_ANI must be between 0 and 100'}]"}
{"time": "2025-07-09 04:56:27,959", "pipeline": "pangenome", "schema": "pangenome", "table": "gtdb_species_clade", "level": "DEBUG", "module": "run_validations", "msg": "Validation rules: [{'column': 'gtdb_species_clade_id', 'validation_type': 'not_null', 'error_message': 'Missing species clade ID'}, {'column': 'gtdb_species_clade_id', 'validation_type': 'regex_match', 'pattern': '^[A-Za-z0-9_.-]+$', 'error_message': 'Invalid clade ID format'}, {'column': 'ANI_circumscription_radius', 'validation_type': 'numeric_range', 'min': 0, 'max': 100, 'error_message': 'ANI_circumscription_radius must be between 0 and 100'}, {'column': 'mean_intra_species_ANI', 'validation_type': 'numeric_range', 'min': 0, 'max': 100, 'error_message': 'mean_intra_species_ANI must be between 0 and 100'}, {'column': 'min_intra_species_ANI', 'validation_type': 'numeric_range', 'min': 0, 'max': 100, 'error_message': 'min_intra_species_ANI must be between 0 and 100'}]"}
{"time": "2025-07-09 04:56:28,044", "pipeline": "pangenome", "schema": "pangenome", "table": "gtdb_species_clade", "level": "INFO", "module": "run_validations", "msg": "Running validations..."}
{"time": "2025-07-09 04:56:28,046", "pipeline": "pangenome", "schema": "pangenome", "table": "gtdb_species_clade", "level": "DEBUG", "module": "run_validations", "msg": "Header columns: ['gtdb_species_clade_id', 'representative_genome_id', 'GTDB_species', 'GTDB_taxonomy', 'ANI_circumscription_radius', 'mean_intra_species_ANI', 'min_intra_species_ANI', 'mean_intra_species_AF', 'min_intra_species_AF', 'no_clustered_genomes_unfiltered', 'no_clustered_genomes_filtered']"}
{"time": "2025-07-09 04:56:28,079", "pipeline": "pangenome", "schema": "pangenome", "table": "gtdb_species_clade", "level": "INFO", "module": "run_validations", "msg": "Validation summary:"}
{"time": "2025-07-09 04:56:28,080", "pipeline": "pangenome", "schema": "pangenome", "table": "gtdb_species_clade", "level": "INFO", "module": "run_validations", "msg": "All validation rules passed. No issues found."}
{"time": "2025-07-09 05:10:33,291", "pipeline": "pangenome", "schema": "pangenome", "table": "gtdb_species_clade", "level": "INFO", "module": "config_loader", "msg": "Loading config from MinIO: bucket=cdm-lake, key=config-json/gtdb_species_clade.json"}
{"time": "2025-07-09 05:10:33,305", "pipeline": "pangenome", "schema": "pangenome", "table": "gtdb_species_clade", "level": "INFO", "module": "config_loader", "msg": "Config loaded successfully from MinIO"}
{"time": "2025-07-09 05:10:33,306", "pipeline": "pangenome", "schema": "pangenome", "table": "gtdb_species_clade", "level": "INFO", "module": "config_loader", "msg": "All required fields are present in the config"}
{"time": "2025-07-09 05:10:33,307", "pipeline": "pangenome", "schema": "pangenome", "table": "gtdb_species_clade", "level": "DEBUG", "module": "config_loader", "msg": "Referential integrity rules: [{'foreign_key': 'representative_genome_id', 'reference_table': 'genome', 'reference_column': 'genome_id', 'database': 'pangenome', 'action': 'log'}]"}
{"time": "2025-07-09 05:10:33,307", "pipeline": "pangenome", "schema": "pangenome", "table": "gtdb_species_clade", "level": "DEBUG", "module": "config_loader", "msg": "Target table: pangenome.gtdb_species_clade"}
{"time": "2025-07-09 05:10:38,458", "pipeline": "pangenome", "schema": "pangenome", "table": "gtdb_species_clade", "level": "INFO", "module": "run_referential_integrity_checks", "msg": "Starting referential integrity checks for table: pangenome.gtdb_species_clade"}
{"time": "2025-07-09 05:10:38,459", "pipeline": "pangenome", "schema": "pangenome", "table": "gtdb_species_clade", "level": "INFO", "module": "run_referential_integrity_checks", "msg": "Checking foreign key: representative_genome_id in pangenome.gtdb_species_clade → genome_id in pangenome.genome"}
{"time": "2025-07-09 05:10:44,384", "pipeline": "pangenome", "schema": "pangenome", "table": "gtdb_species_clade", "level": "INFO", "module": "run_referential_integrity_checks", "msg": "Violations found: 716"}
{"time": "2025-07-09 05:10:44,389", "pipeline": "pangenome", "schema": "pangenome", "table": "gtdb_species_clade", "level": "WARNING", "module": "run_referential_integrity_checks", "msg": "716 violations found in referential integrity check for FK representative_genome_id"}
{"time": "2025-07-09 05:10:45,602", "pipeline": "pangenome", "schema": "pangenome", "table": "gtdb_species_clade", "level": "DEBUG", "module": "config_loader", "msg": "Logging config: {'error_table': 'gtdb_species_clade_errors', 'output_delta_path': 's3a://cdm-lake/logs/errors/gtdb_species_clade'}"}
{"time": "2025-07-09 05:10:49,449", "pipeline": "pangenome", "schema": "pangenome", "table": "gtdb_species_clade", "level": "INFO", "module": "run_referential_integrity_checks", "msg": "Violations logged to Delta table: pangenome.gtdb_species_clade_errors at s3a://cdm-lake/logs/errors/gtdb_species_clade"}
{"time": "2025-07-09 05:10:49,450", "pipeline": "pangenome", "schema": "pangenome", "table": "gtdb_species_clade", "level": "ERROR", "module": "run_referential_integrity_checks", "msg": "Referential integrity check failed on FK representative_genome_id. Stopping further checks."}
{"time": "2025-07-09 05:10:49,451", "pipeline": "pangenome", "schema": "pangenome", "table": "gtdb_species_clade", "level": "WARNING", "module": "run_referential_integrity_checks", "msg": "Referential integrity check(s) failed."}
{"time": "2025-07-09 05:11:13,324", "pipeline": "pangenome", "schema": "pangenome", "table": "gtdb_species_clade", "level": "DEBUG", "module": "config_loader", "msg": "Target table: pangenome.gtdb_species_clade"}
{"time": "2025-07-09 05:11:13,325", "pipeline": "pangenome", "schema": "pangenome", "table": "gtdb_species_clade", "level": "INFO", "module": "run_great_expectations_validations", "msg": "Starting Great Expectations validation for table: pangenome.gtdb_species_clade with suite: default_suite"}
{"time": "2025-07-09 05:11:13,385", "pipeline": "pangenome", "schema": "pangenome", "table": "gtdb_species_clade", "level": "INFO", "module": "run_great_expectations_validations", "msg": "Loaded Spark table: pangenome.gtdb_species_clade"}
{"time": "2025-07-09 05:11:13,551", "pipeline": "pangenome", "schema": "pangenome", "table": "gtdb_species_clade", "level": "INFO", "module": "run_great_expectations_validations", "msg": "Great Expectations context initialized."}
{"time": "2025-07-09 05:11:13,572", "pipeline": "pangenome", "schema": "pangenome", "table": "gtdb_species_clade", "level": "INFO", "module": "run_great_expectations_validations", "msg": "Expectation suite 'default_suite' added or updated."}
{"time": "2025-07-09 05:11:13,668", "pipeline": "pangenome", "schema": "pangenome", "table": "gtdb_species_clade", "level": "INFO", "module": "run_great_expectations_validations", "msg": "Spark datasource registered in GE context."}
{"time": "2025-07-09 05:11:13,669", "pipeline": "pangenome", "schema": "pangenome", "table": "gtdb_species_clade", "level": "DEBUG", "module": "run_great_expectations_validations", "msg": "Batch request created for data asset: pangenome_gtdb_species_clade"}
{"time": "2025-07-09 05:11:13,846", "pipeline": "pangenome", "schema": "pangenome", "table": "gtdb_species_clade", "level": "INFO", "module": "run_great_expectations_validations", "msg": "Validator initialized for batch request."}
{"time": "2025-07-09 05:11:13,847", "pipeline": "pangenome", "schema": "pangenome", "table": "gtdb_species_clade", "level": "DEBUG", "module": "run_great_expectations_validations", "msg": "Found 5 expectations to apply."}
{"time": "2025-07-09 05:11:13,848", "pipeline": "pangenome", "schema": "pangenome", "table": "gtdb_species_clade", "level": "DEBUG", "module": "run_great_expectations_validations", "msg": "Loaded GE validations config: [{'expectation_type': 'expect_column_values_to_not_be_null', 'params': {'column': 'gtdb_species_clade_id'}}, {'expectation_type': 'expect_column_values_to_match_regex', 'params': {'column': 'gtdb_species_clade_id', 'regex': '^[A-Za-z0-9_.-]+$'}}, {'expectation_type': 'expect_column_values_to_be_between', 'params': {'column': 'ANI_circumscription_radius', 'min_value': 0, 'max_value': 100}}, {'expectation_type': 'expect_column_values_to_be_between', 'params': {'column': 'mean_intra_species_ANI', 'min_value': 0, 'max_value': 100}}, {'expectation_type': 'expect_column_values_to_be_between', 'params': {'column': 'min_intra_species_ANI', 'min_value': 0, 'max_value': 100}}]"}
{"time": "2025-07-09 05:11:14,433", "pipeline": "pangenome", "schema": "pangenome", "table": "gtdb_species_clade", "level": "INFO", "module": "run_great_expectations_validations", "msg": "Applied GE expectation: expect_column_values_to_not_be_null with args {'column': 'gtdb_species_clade_id'} → result: True"}
{"time": "2025-07-09 05:11:14,710", "pipeline": "pangenome", "schema": "pangenome", "table": "gtdb_species_clade", "level": "INFO", "module": "run_great_expectations_validations", "msg": "Applied GE expectation: expect_column_values_to_match_regex with args {'column': 'gtdb_species_clade_id', 'regex': '^[A-Za-z0-9_.-]+$'} → result: True"}
{"time": "2025-07-09 05:11:14,948", "pipeline": "pangenome", "schema": "pangenome", "table": "gtdb_species_clade", "level": "INFO", "module": "run_great_expectations_validations", "msg": "Applied GE expectation: expect_column_values_to_be_between with args {'column': 'ANI_circumscription_radius', 'min_value': 0, 'max_value': 100} → result: True"}
{"time": "2025-07-09 05:11:15,147", "pipeline": "pangenome", "schema": "pangenome", "table": "gtdb_species_clade", "level": "INFO", "module": "run_great_expectations_validations", "msg": "Applied GE expectation: expect_column_values_to_be_between with args {'column': 'mean_intra_species_ANI', 'min_value': 0, 'max_value': 100} → result: True"}
{"time": "2025-07-09 05:11:15,347", "pipeline": "pangenome", "schema": "pangenome", "table": "gtdb_species_clade", "level": "INFO", "module": "run_great_expectations_validations", "msg": "Applied GE expectation: expect_column_values_to_be_between with args {'column': 'min_intra_species_ANI', 'min_value': 0, 'max_value': 100} → result: True"}
{"time": "2025-07-09 05:11:15,369", "pipeline": "pangenome", "schema": "pangenome", "table": "gtdb_species_clade", "level": "INFO", "module": "run_great_expectations_validations", "msg": "Expectations saved to suite."}
{"time": "2025-07-09 05:11:15,909", "pipeline": "pangenome", "schema": "pangenome", "table": "gtdb_species_clade", "level": "INFO", "module": "run_great_expectations_validations", "msg": "Validation run completed."}
{"time": "2025-07-09 05:11:15,914", "pipeline": "pangenome", "schema": "pangenome", "table": "gtdb_species_clade", "level": "DEBUG", "module": "run_great_expectations_validations", "msg": "Validation summary: {'success': True, 'successful_expectations': 5, 'unsuccessful_expectations': 0, 'success_percent': 100.0}"}
{"time": "2025-07-09 05:11:17,069", "pipeline": "pangenome", "schema": "pangenome", "table": "gtdb_species_clade", "level": "INFO", "module": "run_great_expectations_validations", "msg": "Data Docs built after validation."}
{"time": "2025-07-09 05:11:18,528", "pipeline": "pangenome", "schema": "pangenome", "table": "gtdb_species_clade", "level": "INFO", "module": "run_great_expectations_validations", "msg": "Checkpoint executed."}
{"time": "2025-07-09 05:11:19,695", "pipeline": "pangenome", "schema": "pangenome", "table": "gtdb_species_clade", "level": "INFO", "module": "run_great_expectations_validations", "msg": "Data Docs rebuilt with checkpoint results."}
