{"time": "2025-07-07 04:39:08,886", "level": "INFO", "module": "2845003611", "msg": "Notebook started"}
{"time": "2025-07-07 04:39:08,900", "level": "INFO", "module": "config_loader", "msg": "ConfigLoader initialized for target table: genome"}
{"time": "2025-07-07 04:39:08,901", "level": "INFO", "module": "config_loader", "msg": "Resolved config path: s3a://cdm-lake/config-json/genome.json"}
{"time": "2025-07-07 04:39:08,902", "level": "INFO", "module": "config_loader", "msg": "Loading config from MinIO: bucket=cdm-lake, key=config-json/genome.json"}
{"time": "2025-07-07 04:39:09,048", "level": "INFO", "module": "config_loader", "msg": "Config loaded successfully from MinIO"}
{"time": "2025-07-07 04:39:09,049", "level": "INFO", "module": "config_loader", "msg": "All required fields are present in the config"}
{"time": "2025-07-07 04:39:09,050", "level": "DEBUG", "module": "config_loader", "msg": "Target table: pangenome.genome"}
{"time": "2025-07-07 04:39:09,337", "level": "INFO", "module": "spark_session", "msg": "Found 4 JARs in /home/jovyan/jars"}
{"time": "2025-07-07 04:39:09,338", "level": "DEBUG", "module": "spark_session", "msg": "JARs: ['/home/jovyan/jars/aws-java-sdk-bundle-1.12.367.jar', '/home/jovyan/jars/delta-core_2.12-2.4.0.jar', '/home/jovyan/jars/delta-storage-2.4.0.jar', '/home/jovyan/jars/hadoop-aws-3.3.4.jar']"}
{"time": "2025-07-07 04:39:09,338", "level": "INFO", "module": "spark_session", "msg": "Starting Spark session..."}
{"time": "2025-07-07 04:39:13,803", "level": "INFO", "module": "spark_session", "msg": "Spark session started successfully"}
{"time": "2025-07-07 04:39:13,818", "level": "DEBUG", "module": "config_loader", "msg": "Input files: [{'source': 'GTDB', 'file_path': 's3a://cdm-lake/bronze/gtdb/sp_clusters_r214.tsv', 'file_type': 'tsv', 'delimiter': '\t', 'ignore_first_line': 'no'}, {'source': 'NCBI', 'file_path': 's3a://cdm-lake/bronze/ncbi/assembly_summary_genbank.txt', 'file_type': 'tsv', 'delimiter': '\t', 'ignore_first_line': 'yes'}]"}
{"time": "2025-07-07 04:39:13,819", "level": "INFO", "module": "input_file_validator", "msg": "Starting input file validation..."}
{"time": "2025-07-07 04:39:13,826", "level": "INFO", "module": "input_file_validator", "msg": "Checking file: s3a://cdm-lake/bronze/gtdb/sp_clusters_r214.tsv"}
{"time": "2025-07-07 04:39:13,836", "level": "INFO", "module": "input_file_validator", "msg": "File exists: s3://cdm-lake/bronze/gtdb/sp_clusters_r214.tsv"}
{"time": "2025-07-07 04:39:13,957", "level": "DEBUG", "module": "input_file_validator", "msg": "Line 1: Tab-delimited"}
{"time": "2025-07-07 04:39:13,959", "level": "DEBUG", "module": "input_file_validator", "msg": "Line 2: Tab-delimited"}
{"time": "2025-07-07 04:39:13,959", "level": "DEBUG", "module": "input_file_validator", "msg": "Line 3: Tab-delimited"}
{"time": "2025-07-07 04:39:13,960", "level": "DEBUG", "module": "input_file_validator", "msg": "Line 4: Tab-delimited"}
{"time": "2025-07-07 04:39:13,960", "level": "DEBUG", "module": "input_file_validator", "msg": "Line 5: Tab-delimited"}
{"time": "2025-07-07 04:39:13,961", "level": "INFO", "module": "input_file_validator", "msg": "Checking file: s3a://cdm-lake/bronze/ncbi/assembly_summary_genbank.txt"}
{"time": "2025-07-07 04:39:13,967", "level": "INFO", "module": "input_file_validator", "msg": "File exists: s3://cdm-lake/bronze/ncbi/assembly_summary_genbank.txt"}
{"time": "2025-07-07 04:40:01,941", "level": "DEBUG", "module": "input_file_validator", "msg": "Line 2: Tab-delimited"}
{"time": "2025-07-07 04:40:02,041", "level": "DEBUG", "module": "input_file_validator", "msg": "Line 3: Tab-delimited"}
{"time": "2025-07-07 04:40:02,047", "level": "DEBUG", "module": "input_file_validator", "msg": "Line 4: Tab-delimited"}
{"time": "2025-07-07 04:40:02,049", "level": "DEBUG", "module": "input_file_validator", "msg": "Line 5: Tab-delimited"}
{"time": "2025-07-07 04:40:02,050", "level": "DEBUG", "module": "input_file_validator", "msg": "Line 6: Tab-delimited"}
{"time": "2025-07-07 04:40:12,760", "level": "INFO", "module": "validate_schema", "msg": "Starting schema vs. file validation"}
{"time": "2025-07-07 04:40:12,916", "level": "DEBUG", "module": "config_loader", "msg": "Output file: {'output_file_path': 's3a://cdm-lake/pangenome-source/table_genome_V1.1.tsv', 'file_type': 'tsv', 'delimiter': '\t', 'ignore_first_line': 'no'}"}
{"time": "2025-07-07 04:40:12,918", "level": "INFO", "module": "validate_schema", "msg": "Output file: s3a://cdm-lake/pangenome-source/table_genome_V1.1.tsv"}
{"time": "2025-07-07 04:40:12,919", "level": "DEBUG", "module": "validate_schema", "msg": "Delimiter: 	, Ignore first line: False"}
{"time": "2025-07-07 04:40:13,659", "level": "INFO", "module": "validate_schema", "msg": "Header columns successfully extracted from output file"}
{"time": "2025-07-07 04:40:13,661", "level": "DEBUG", "module": "validate_schema", "msg": "Header columns: ['genome_id', 'gtdb_species_clade_id', 'gtdb_taxonomy_id', 'ncbi_biosample_id', 'fna_file_path_nersc', 'faa_file_path_nersc']"}
{"time": "2025-07-07 04:40:13,662", "level": "DEBUG", "module": "config_loader", "msg": "Schema file path: s3a://cdm-lake/schemas/pangenome-schema.yaml"}
{"time": "2025-07-07 04:40:13,662", "level": "INFO", "module": "validate_schema", "msg": "Schema file: s3a://cdm-lake/schemas/pangenome-schema.yaml"}
{"time": "2025-07-07 04:40:13,730", "level": "INFO", "module": "validate_schema", "msg": "Schema loaded successfully"}
{"time": "2025-07-07 04:40:13,731", "level": "DEBUG", "module": "validate_schema", "msg": "Schema columns: ['genome_id', 'gtdb_taxonomy_id', 'gtdb_species_clade_id', 'ncbi_biosample_id', 'fna_file_path_nersc', 'faa_file_path_nersc']"}
{"time": "2025-07-07 04:40:13,732", "level": "INFO", "module": "validate_schema", "msg": "Comparison between schema and file header completed"}
{"time": "2025-07-07 04:40:13,732", "level": "INFO", "module": "validate_schema", "msg": "All schema columns are present in the file"}
{"time": "2025-07-07 04:40:13,733", "level": "INFO", "module": "validate_schema", "msg": "No extra columns in the file"}
