{"time": "2025-07-09 16:31:56,038", "pipeline": "pangenome", "schema": "pangenome", "table": "genome", "level": "INFO", "module": "2161914337", "msg": "Notebook started"}
{"time": "2025-07-09 16:31:56,049", "pipeline": "pangenome", "schema": "pangenome", "table": "genome", "level": "INFO", "module": "config_loader", "msg": "ConfigLoader initialized for target table: genome"}
{"time": "2025-07-09 16:31:56,050", "pipeline": "pangenome", "schema": "pangenome", "table": "genome", "level": "INFO", "module": "config_loader", "msg": "Resolved config path: s3a://cdm-lake/config-json/genome.json"}
{"time": "2025-07-09 16:31:56,051", "pipeline": "pangenome", "schema": "pangenome", "table": "genome", "level": "INFO", "module": "config_loader", "msg": "Loading config from MinIO: bucket=cdm-lake, key=config-json/genome.json"}
{"time": "2025-07-09 16:31:56,209", "pipeline": "pangenome", "schema": "pangenome", "table": "genome", "level": "INFO", "module": "config_loader", "msg": "Config loaded successfully from MinIO"}
{"time": "2025-07-09 16:31:56,210", "pipeline": "pangenome", "schema": "pangenome", "table": "genome", "level": "INFO", "module": "config_loader", "msg": "All required fields are present in the config"}
{"time": "2025-07-09 16:31:56,212", "pipeline": "pangenome", "schema": "pangenome", "table": "genome", "level": "DEBUG", "module": "config_loader", "msg": "Target table: pangenome.genome"}
{"time": "2025-07-09 16:31:56,502", "pipeline": "pangenome", "schema": "pangenome", "table": "genome", "level": "INFO", "module": "spark_session", "msg": "Found 4 JARs in /home/jovyan/jars"}
{"time": "2025-07-09 16:31:56,503", "pipeline": "pangenome", "schema": "pangenome", "table": "genome", "level": "DEBUG", "module": "spark_session", "msg": "JARs: ['/home/jovyan/jars/aws-java-sdk-bundle-1.12.367.jar', '/home/jovyan/jars/delta-core_2.12-2.4.0.jar', '/home/jovyan/jars/delta-storage-2.4.0.jar', '/home/jovyan/jars/hadoop-aws-3.3.4.jar']"}
{"time": "2025-07-09 16:31:56,503", "pipeline": "pangenome", "schema": "pangenome", "table": "genome", "level": "INFO", "module": "spark_session", "msg": "Starting Spark session..."}
{"time": "2025-07-09 16:32:00,940", "pipeline": "pangenome", "schema": "pangenome", "table": "genome", "level": "INFO", "module": "spark_session", "msg": "Spark session started successfully"}
{"time": "2025-07-09 16:32:21,802", "pipeline": "pangenome", "schema": "pangenome", "table": "genome", "level": "DEBUG", "module": "config_loader", "msg": "Input files: [{'source': 'GTDB', 'file_path': 's3a://cdm-lake/bronze/gtdb/sp_clusters_r214.tsv', 'file_type': 'tsv', 'delimiter': '\t', 'ignore_first_line': 'no'}, {'source': 'NCBI', 'file_path': 's3a://cdm-lake/bronze/ncbi/assembly_summary_genbank.txt', 'file_type': 'tsv', 'delimiter': '\t', 'ignore_first_line': 'yes'}]"}
{"time": "2025-07-09 16:32:21,803", "pipeline": "pangenome", "schema": "pangenome", "table": "genome", "level": "INFO", "module": "input_file_validator", "msg": "Starting input file validation..."}
{"time": "2025-07-09 16:32:21,809", "pipeline": "pangenome", "schema": "pangenome", "table": "genome", "level": "INFO", "module": "input_file_validator", "msg": "Checking file: s3a://cdm-lake/bronze/gtdb/sp_clusters_r214.tsv"}
{"time": "2025-07-09 16:32:21,819", "pipeline": "pangenome", "schema": "pangenome", "table": "genome", "level": "INFO", "module": "input_file_validator", "msg": "File exists: s3://cdm-lake/bronze/gtdb/sp_clusters_r214.tsv"}
{"time": "2025-07-09 16:32:21,933", "pipeline": "pangenome", "schema": "pangenome", "table": "genome", "level": "DEBUG", "module": "input_file_validator", "msg": "Line 1: Tab-delimited"}
{"time": "2025-07-09 16:32:21,934", "pipeline": "pangenome", "schema": "pangenome", "table": "genome", "level": "DEBUG", "module": "input_file_validator", "msg": "Line 2: Tab-delimited"}
{"time": "2025-07-09 16:32:21,935", "pipeline": "pangenome", "schema": "pangenome", "table": "genome", "level": "DEBUG", "module": "input_file_validator", "msg": "Line 3: Tab-delimited"}
{"time": "2025-07-09 16:32:21,936", "pipeline": "pangenome", "schema": "pangenome", "table": "genome", "level": "DEBUG", "module": "input_file_validator", "msg": "Line 4: Tab-delimited"}
{"time": "2025-07-09 16:32:21,936", "pipeline": "pangenome", "schema": "pangenome", "table": "genome", "level": "DEBUG", "module": "input_file_validator", "msg": "Line 5: Tab-delimited"}
{"time": "2025-07-09 16:32:21,937", "pipeline": "pangenome", "schema": "pangenome", "table": "genome", "level": "INFO", "module": "input_file_validator", "msg": "Checking file: s3a://cdm-lake/bronze/ncbi/assembly_summary_genbank.txt"}
{"time": "2025-07-09 16:32:21,945", "pipeline": "pangenome", "schema": "pangenome", "table": "genome", "level": "INFO", "module": "input_file_validator", "msg": "File exists: s3://cdm-lake/bronze/ncbi/assembly_summary_genbank.txt"}
{"time": "2025-07-09 16:33:08,513", "pipeline": "pangenome", "schema": "pangenome", "table": "genome", "level": "DEBUG", "module": "input_file_validator", "msg": "Line 2: Tab-delimited"}
{"time": "2025-07-09 16:33:08,613", "pipeline": "pangenome", "schema": "pangenome", "table": "genome", "level": "DEBUG", "module": "input_file_validator", "msg": "Line 3: Tab-delimited"}
{"time": "2025-07-09 16:33:08,621", "pipeline": "pangenome", "schema": "pangenome", "table": "genome", "level": "DEBUG", "module": "input_file_validator", "msg": "Line 4: Tab-delimited"}
{"time": "2025-07-09 16:33:08,623", "pipeline": "pangenome", "schema": "pangenome", "table": "genome", "level": "DEBUG", "module": "input_file_validator", "msg": "Line 5: Tab-delimited"}
{"time": "2025-07-09 16:33:08,624", "pipeline": "pangenome", "schema": "pangenome", "table": "genome", "level": "DEBUG", "module": "input_file_validator", "msg": "Line 6: Tab-delimited"}
{"time": "2025-07-09 16:33:19,188", "pipeline": "pangenome", "schema": "pangenome", "table": "genome", "level": "INFO", "module": "validate_schema", "msg": "Starting schema vs. file validation"}
{"time": "2025-07-09 16:33:19,357", "pipeline": "pangenome", "schema": "pangenome", "table": "genome", "level": "DEBUG", "module": "config_loader", "msg": "Output file: {'output_file_path': 's3a://cdm-lake/pangenome-source/table_genome_V1.1.tsv', 'file_type': 'tsv', 'delimiter': '\t', 'ignore_first_line': 'no'}"}
{"time": "2025-07-09 16:33:19,359", "pipeline": "pangenome", "schema": "pangenome", "table": "genome", "level": "INFO", "module": "validate_schema", "msg": "Output file: s3a://cdm-lake/pangenome-source/table_genome_V1.1.tsv"}
{"time": "2025-07-09 16:33:19,360", "pipeline": "pangenome", "schema": "pangenome", "table": "genome", "level": "DEBUG", "module": "validate_schema", "msg": "Delimiter: 	, Ignore first line: False"}
{"time": "2025-07-09 16:33:20,082", "pipeline": "pangenome", "schema": "pangenome", "table": "genome", "level": "INFO", "module": "validate_schema", "msg": "Header columns successfully extracted from output file"}
{"time": "2025-07-09 16:33:20,084", "pipeline": "pangenome", "schema": "pangenome", "table": "genome", "level": "DEBUG", "module": "validate_schema", "msg": "Header columns: ['genome_id', 'gtdb_species_clade_id', 'gtdb_taxonomy_id', 'ncbi_biosample_id', 'fna_file_path_nersc', 'faa_file_path_nersc']"}
{"time": "2025-07-09 16:33:20,086", "pipeline": "pangenome", "schema": "pangenome", "table": "genome", "level": "DEBUG", "module": "config_loader", "msg": "Schema file path: s3a://cdm-lake/schemas/pangenome-schema.yaml"}
{"time": "2025-07-09 16:33:20,087", "pipeline": "pangenome", "schema": "pangenome", "table": "genome", "level": "INFO", "module": "validate_schema", "msg": "Schema file: s3a://cdm-lake/schemas/pangenome-schema.yaml"}
{"time": "2025-07-09 16:33:20,178", "pipeline": "pangenome", "schema": "pangenome", "table": "genome", "level": "DEBUG", "module": "config_loader", "msg": "Target table: pangenome.genome"}
{"time": "2025-07-09 16:33:20,180", "pipeline": "pangenome", "schema": "pangenome", "table": "genome", "level": "INFO", "module": "validate_schema", "msg": "Derived schema class name: genome"}
{"time": "2025-07-09 16:33:20,181", "pipeline": "pangenome", "schema": "pangenome", "table": "genome", "level": "INFO", "module": "validate_schema", "msg": "Schema loaded and class found successfully"}
{"time": "2025-07-09 16:33:20,182", "pipeline": "pangenome", "schema": "pangenome", "table": "genome", "level": "DEBUG", "module": "validate_schema", "msg": "Schema columns: ['genome_id', 'gtdb_taxonomy_id', 'gtdb_species_clade_id', 'ncbi_biosample_id', 'fna_file_path_nersc', 'faa_file_path_nersc']"}
{"time": "2025-07-09 16:33:20,183", "pipeline": "pangenome", "schema": "pangenome", "table": "genome", "level": "INFO", "module": "validate_schema", "msg": "Comparison between schema and file header completed"}
{"time": "2025-07-09 16:33:20,184", "pipeline": "pangenome", "schema": "pangenome", "table": "genome", "level": "INFO", "module": "validate_schema", "msg": "All schema columns are present in the file"}
{"time": "2025-07-09 16:33:20,185", "pipeline": "pangenome", "schema": "pangenome", "table": "genome", "level": "INFO", "module": "validate_schema", "msg": "No extra columns in the file"}
{"time": "2025-07-09 16:33:20,204", "pipeline": "pangenome", "schema": "pangenome", "table": "genome", "level": "DEBUG", "module": "config_loader", "msg": "Output file: {'output_file_path': 's3a://cdm-lake/pangenome-source/table_genome_V1.1.tsv', 'file_type': 'tsv', 'delimiter': '\t', 'ignore_first_line': 'no'}"}
{"time": "2025-07-09 16:33:20,205", "pipeline": "pangenome", "schema": "pangenome", "table": "genome", "level": "INFO", "module": "run_validations", "msg": "Starting validation on file: s3a://cdm-lake/pangenome-source/table_genome_V1.1.tsv"}
{"time": "2025-07-09 16:33:20,206", "pipeline": "pangenome", "schema": "pangenome", "table": "genome", "level": "DEBUG", "module": "run_validations", "msg": "Delimiter: 	, Ignore first line: False"}
{"time": "2025-07-09 16:33:20,206", "pipeline": "pangenome", "schema": "pangenome", "table": "genome", "level": "DEBUG", "module": "config_loader", "msg": "Validations: [{'column': 'genome_id', 'validation_type': 'not_null', 'error_message': 'Missing genome_id'}, {'column': 'genome_id', 'validation_type': 'regex_match', 'pattern': '^[A-Za-z0-9_.-]+$', 'error_message': 'Invalid genome_id format'}, {'column': 'gtdb_taxonomy_id', 'validation_type': 'not_null', 'error_message': 'Missing taxonomy ID'}, {'column': 'gtdb_species_clade_id', 'validation_type': 'not_null', 'error_message': 'Missing species clade ID'}]"}
{"time": "2025-07-09 16:33:20,207", "pipeline": "pangenome", "schema": "pangenome", "table": "genome", "level": "DEBUG", "module": "run_validations", "msg": "Validation rules: [{'column': 'genome_id', 'validation_type': 'not_null', 'error_message': 'Missing genome_id'}, {'column': 'genome_id', 'validation_type': 'regex_match', 'pattern': '^[A-Za-z0-9_.-]+$', 'error_message': 'Invalid genome_id format'}, {'column': 'gtdb_taxonomy_id', 'validation_type': 'not_null', 'error_message': 'Missing taxonomy ID'}, {'column': 'gtdb_species_clade_id', 'validation_type': 'not_null', 'error_message': 'Missing species clade ID'}]"}
{"time": "2025-07-09 16:33:22,994", "pipeline": "pangenome", "schema": "pangenome", "table": "genome", "level": "INFO", "module": "run_validations", "msg": "Running validations..."}
{"time": "2025-07-09 16:33:22,995", "pipeline": "pangenome", "schema": "pangenome", "table": "genome", "level": "DEBUG", "module": "run_validations", "msg": "Header columns: ['genome_id', 'gtdb_species_clade_id', 'gtdb_taxonomy_id', 'ncbi_biosample_id', 'fna_file_path_nersc', 'faa_file_path_nersc']"}
{"time": "2025-07-09 16:33:23,274", "pipeline": "pangenome", "schema": "pangenome", "table": "genome", "level": "INFO", "module": "run_validations", "msg": "Validation summary:"}
{"time": "2025-07-09 16:33:23,275", "pipeline": "pangenome", "schema": "pangenome", "table": "genome", "level": "INFO", "module": "run_validations", "msg": "All validation rules passed. No issues found."}
{"time": "2025-07-09 16:33:23,386", "pipeline": "pangenome", "schema": "pangenome", "table": "genome", "level": "INFO", "module": "config_loader", "msg": "Loading config from MinIO: bucket=cdm-lake, key=config-json/genome.json"}
{"time": "2025-07-09 16:33:23,397", "pipeline": "pangenome", "schema": "pangenome", "table": "genome", "level": "INFO", "module": "config_loader", "msg": "Config loaded successfully from MinIO"}
{"time": "2025-07-09 16:33:23,398", "pipeline": "pangenome", "schema": "pangenome", "table": "genome", "level": "INFO", "module": "config_loader", "msg": "All required fields are present in the config"}
{"time": "2025-07-09 16:33:23,399", "pipeline": "pangenome", "schema": "pangenome", "table": "genome", "level": "DEBUG", "module": "config_loader", "msg": "Referential integrity rules: [{'foreign_key': 'genome_id', 'reference_table': 'gtdb_metadata', 'reference_column': 'accession', 'database': 'pangenome', 'action': 'log'}, {'foreign_key': 'gtdb_species_clade_id', 'reference_table': 'gtdb_species_clade', 'reference_column': 'gtdb_species_clade_id', 'database': 'pangenome', 'action': 'log'}, {'foreign_key': 'gtdb_taxonomy_id', 'reference_table': 'gtdb_taxonomy_r214v1', 'reference_column': 'gtdb_taxonomy_id', 'database': 'pangenome', 'action': 'log'}]"}
{"time": "2025-07-09 16:33:23,399", "pipeline": "pangenome", "schema": "pangenome", "table": "genome", "level": "DEBUG", "module": "config_loader", "msg": "Target table: pangenome.genome"}
{"time": "2025-07-09 16:33:30,289", "pipeline": "pangenome", "schema": "pangenome", "table": "genome", "level": "INFO", "module": "run_referential_integrity_checks", "msg": "Starting referential integrity checks for table: pangenome.genome"}
{"time": "2025-07-09 16:33:30,290", "pipeline": "pangenome", "schema": "pangenome", "table": "genome", "level": "INFO", "module": "run_referential_integrity_checks", "msg": "Checking foreign key: genome_id in pangenome.genome → accession in pangenome.gtdb_metadata"}
{"time": "2025-07-09 16:33:36,549", "pipeline": "pangenome", "schema": "pangenome", "table": "genome", "level": "INFO", "module": "run_referential_integrity_checks", "msg": "Violations found: 0"}
{"time": "2025-07-09 16:33:36,550", "pipeline": "pangenome", "schema": "pangenome", "table": "genome", "level": "INFO", "module": "run_referential_integrity_checks", "msg": "Checking foreign key: gtdb_species_clade_id in pangenome.genome → gtdb_species_clade_id in pangenome.gtdb_species_clade"}
{"time": "2025-07-09 16:33:37,968", "pipeline": "pangenome", "schema": "pangenome", "table": "genome", "level": "INFO", "module": "run_referential_integrity_checks", "msg": "Violations found: 0"}
{"time": "2025-07-09 16:33:37,969", "pipeline": "pangenome", "schema": "pangenome", "table": "genome", "level": "INFO", "module": "run_referential_integrity_checks", "msg": "Checking foreign key: gtdb_taxonomy_id in pangenome.genome → gtdb_taxonomy_id in pangenome.gtdb_taxonomy_r214v1"}
{"time": "2025-07-09 16:33:39,471", "pipeline": "pangenome", "schema": "pangenome", "table": "genome", "level": "INFO", "module": "run_referential_integrity_checks", "msg": "Violations found: 293059"}
{"time": "2025-07-09 16:33:39,473", "pipeline": "pangenome", "schema": "pangenome", "table": "genome", "level": "WARNING", "module": "run_referential_integrity_checks", "msg": "293059 violations found in referential integrity check for FK gtdb_taxonomy_id"}
{"time": "2025-07-09 16:33:40,228", "pipeline": "pangenome", "schema": "pangenome", "table": "genome", "level": "DEBUG", "module": "config_loader", "msg": "Logging config: {'error_table': 'genome_errors', 'output_delta_path': 's3a://cdm-lake/logs/errors/genome'}"}
{"time": "2025-07-09 16:33:44,603", "pipeline": "pangenome", "schema": "pangenome", "table": "genome", "level": "INFO", "module": "run_referential_integrity_checks", "msg": "All violations logged to Delta table: pangenome.genome_errors at s3a://cdm-lake/logs/errors/genome"}
{"time": "2025-07-09 16:33:44,604", "pipeline": "pangenome", "schema": "pangenome", "table": "genome", "level": "WARNING", "module": "run_referential_integrity_checks", "msg": "Referential integrity check(s) failed."}
{"time": "2025-07-09 16:34:32,328", "pipeline": "pangenome", "schema": "pangenome", "table": "genome", "level": "DEBUG", "module": "config_loader", "msg": "Target table: pangenome.genome"}
{"time": "2025-07-09 16:34:32,329", "pipeline": "pangenome", "schema": "pangenome", "table": "genome", "level": "INFO", "module": "run_great_expectations_validations", "msg": "Starting Great Expectations validation for table: pangenome.genome with suite: default_suite"}
{"time": "2025-07-09 16:34:32,381", "pipeline": "pangenome", "schema": "pangenome", "table": "genome", "level": "INFO", "module": "run_great_expectations_validations", "msg": "Loaded Spark table: pangenome.genome"}
{"time": "2025-07-09 16:34:32,537", "pipeline": "pangenome", "schema": "pangenome", "table": "genome", "level": "INFO", "module": "run_great_expectations_validations", "msg": "Great Expectations context initialized."}
{"time": "2025-07-09 16:34:32,564", "pipeline": "pangenome", "schema": "pangenome", "table": "genome", "level": "INFO", "module": "run_great_expectations_validations", "msg": "Expectation suite 'default_suite' added or updated."}
{"time": "2025-07-09 16:34:32,670", "pipeline": "pangenome", "schema": "pangenome", "table": "genome", "level": "INFO", "module": "run_great_expectations_validations", "msg": "Spark datasource registered in GE context."}
{"time": "2025-07-09 16:34:32,671", "pipeline": "pangenome", "schema": "pangenome", "table": "genome", "level": "DEBUG", "module": "run_great_expectations_validations", "msg": "Batch request created for data asset: pangenome_genome"}
{"time": "2025-07-09 16:34:32,825", "pipeline": "pangenome", "schema": "pangenome", "table": "genome", "level": "INFO", "module": "run_great_expectations_validations", "msg": "Validator initialized for batch request."}
{"time": "2025-07-09 16:34:32,826", "pipeline": "pangenome", "schema": "pangenome", "table": "genome", "level": "DEBUG", "module": "run_great_expectations_validations", "msg": "Found 4 expectations to apply."}
{"time": "2025-07-09 16:34:32,826", "pipeline": "pangenome", "schema": "pangenome", "table": "genome", "level": "DEBUG", "module": "run_great_expectations_validations", "msg": "Loaded GE validations config: [{'expectation_type': 'expect_column_values_to_not_be_null', 'params': {'column': 'genome_id'}}, {'expectation_type': 'expect_column_values_to_match_regex', 'params': {'column': 'genome_id', 'regex': '^[A-Za-z0-9_.-]+$'}}, {'expectation_type': 'expect_column_values_to_not_be_null', 'params': {'column': 'gtdb_species_clade_id'}}, {'expectation_type': 'expect_column_values_to_not_be_null', 'params': {'column': 'gtdb_taxonomy_id'}}]"}
{"time": "2025-07-09 16:34:33,691", "pipeline": "pangenome", "schema": "pangenome", "table": "genome", "level": "INFO", "module": "run_great_expectations_validations", "msg": "Applied GE expectation: expect_column_values_to_not_be_null with args {'column': 'genome_id'} → result: True"}
{"time": "2025-07-09 16:34:34,007", "pipeline": "pangenome", "schema": "pangenome", "table": "genome", "level": "INFO", "module": "run_great_expectations_validations", "msg": "Applied GE expectation: expect_column_values_to_match_regex with args {'column': 'genome_id', 'regex': '^[A-Za-z0-9_.-]+$'} → result: True"}
{"time": "2025-07-09 16:34:34,229", "pipeline": "pangenome", "schema": "pangenome", "table": "genome", "level": "INFO", "module": "run_great_expectations_validations", "msg": "Applied GE expectation: expect_column_values_to_not_be_null with args {'column': 'gtdb_species_clade_id'} → result: True"}
{"time": "2025-07-09 16:34:34,422", "pipeline": "pangenome", "schema": "pangenome", "table": "genome", "level": "INFO", "module": "run_great_expectations_validations", "msg": "Applied GE expectation: expect_column_values_to_not_be_null with args {'column': 'gtdb_taxonomy_id'} → result: True"}
{"time": "2025-07-09 16:34:34,446", "pipeline": "pangenome", "schema": "pangenome", "table": "genome", "level": "INFO", "module": "run_great_expectations_validations", "msg": "Expectations saved to suite."}
{"time": "2025-07-09 16:34:34,983", "pipeline": "pangenome", "schema": "pangenome", "table": "genome", "level": "INFO", "module": "run_great_expectations_validations", "msg": "Validation run completed."}
{"time": "2025-07-09 16:34:34,986", "pipeline": "pangenome", "schema": "pangenome", "table": "genome", "level": "DEBUG", "module": "run_great_expectations_validations", "msg": "Validation summary: {'success': True, 'successful_expectations': 4, 'unsuccessful_expectations': 0, 'success_percent': 100.0}"}
{"time": "2025-07-09 16:34:36,272", "pipeline": "pangenome", "schema": "pangenome", "table": "genome", "level": "INFO", "module": "run_great_expectations_validations", "msg": "Data Docs built after validation."}
{"time": "2025-07-09 16:34:37,805", "pipeline": "pangenome", "schema": "pangenome", "table": "genome", "level": "INFO", "module": "run_great_expectations_validations", "msg": "Checkpoint executed."}
{"time": "2025-07-09 16:34:39,094", "pipeline": "pangenome", "schema": "pangenome", "table": "genome", "level": "INFO", "module": "run_great_expectations_validations", "msg": "Data Docs rebuilt with checkpoint results."}
