{"time": "2025-07-07 04:50:59,138", "pipeline": "pangenome", "schema": "pangenome", "table": "genome", "level": "INFO", "module": "3421723309", "msg": "Notebook started"}
{"time": "2025-07-07 04:50:59,149", "pipeline": "pangenome", "schema": "pangenome", "table": "genome", "level": "INFO", "module": "config_loader", "msg": "ConfigLoader initialized for target table: genome"}
{"time": "2025-07-07 04:50:59,150", "pipeline": "pangenome", "schema": "pangenome", "table": "genome", "level": "INFO", "module": "config_loader", "msg": "Resolved config path: s3a://cdm-lake/config-json/genome.json"}
{"time": "2025-07-07 04:50:59,151", "pipeline": "pangenome", "schema": "pangenome", "table": "genome", "level": "INFO", "module": "config_loader", "msg": "Loading config from MinIO: bucket=cdm-lake, key=config-json/genome.json"}
{"time": "2025-07-07 04:50:59,335", "pipeline": "pangenome", "schema": "pangenome", "table": "genome", "level": "INFO", "module": "config_loader", "msg": "Config loaded successfully from MinIO"}
{"time": "2025-07-07 04:50:59,336", "pipeline": "pangenome", "schema": "pangenome", "table": "genome", "level": "INFO", "module": "config_loader", "msg": "All required fields are present in the config"}
{"time": "2025-07-07 04:50:59,336", "pipeline": "pangenome", "schema": "pangenome", "table": "genome", "level": "DEBUG", "module": "config_loader", "msg": "Target table: pangenome.genome"}
{"time": "2025-07-07 04:50:59,624", "pipeline": "pangenome", "schema": "pangenome", "table": "genome", "level": "INFO", "module": "spark_session", "msg": "Found 4 JARs in /home/jovyan/jars"}
{"time": "2025-07-07 04:50:59,625", "pipeline": "pangenome", "schema": "pangenome", "table": "genome", "level": "DEBUG", "module": "spark_session", "msg": "JARs: ['/home/jovyan/jars/aws-java-sdk-bundle-1.12.367.jar', '/home/jovyan/jars/delta-core_2.12-2.4.0.jar', '/home/jovyan/jars/delta-storage-2.4.0.jar', '/home/jovyan/jars/hadoop-aws-3.3.4.jar']"}
{"time": "2025-07-07 04:50:59,626", "pipeline": "pangenome", "schema": "pangenome", "table": "genome", "level": "INFO", "module": "spark_session", "msg": "Starting Spark session..."}
{"time": "2025-07-07 04:51:03,867", "pipeline": "pangenome", "schema": "pangenome", "table": "genome", "level": "INFO", "module": "spark_session", "msg": "Spark session started successfully"}
{"time": "2025-07-07 04:51:03,878", "pipeline": "pangenome", "schema": "pangenome", "table": "genome", "level": "DEBUG", "module": "config_loader", "msg": "Input files: [{'source': 'GTDB', 'file_path': 's3a://cdm-lake/bronze/gtdb/sp_clusters_r214.tsv', 'file_type': 'tsv', 'delimiter': '\t', 'ignore_first_line': 'no'}, {'source': 'NCBI', 'file_path': 's3a://cdm-lake/bronze/ncbi/assembly_summary_genbank.txt', 'file_type': 'tsv', 'delimiter': '\t', 'ignore_first_line': 'yes'}]"}
{"time": "2025-07-07 04:51:03,878", "pipeline": "pangenome", "schema": "pangenome", "table": "genome", "level": "INFO", "module": "input_file_validator", "msg": "Starting input file validation..."}
{"time": "2025-07-07 04:51:03,884", "pipeline": "pangenome", "schema": "pangenome", "table": "genome", "level": "INFO", "module": "input_file_validator", "msg": "Checking file: s3a://cdm-lake/bronze/gtdb/sp_clusters_r214.tsv"}
{"time": "2025-07-07 04:51:03,892", "pipeline": "pangenome", "schema": "pangenome", "table": "genome", "level": "INFO", "module": "input_file_validator", "msg": "File exists: s3://cdm-lake/bronze/gtdb/sp_clusters_r214.tsv"}
{"time": "2025-07-07 04:51:03,998", "pipeline": "pangenome", "schema": "pangenome", "table": "genome", "level": "DEBUG", "module": "input_file_validator", "msg": "Line 1: Tab-delimited"}
{"time": "2025-07-07 04:51:03,999", "pipeline": "pangenome", "schema": "pangenome", "table": "genome", "level": "DEBUG", "module": "input_file_validator", "msg": "Line 2: Tab-delimited"}
{"time": "2025-07-07 04:51:04,000", "pipeline": "pangenome", "schema": "pangenome", "table": "genome", "level": "DEBUG", "module": "input_file_validator", "msg": "Line 3: Tab-delimited"}
{"time": "2025-07-07 04:51:04,000", "pipeline": "pangenome", "schema": "pangenome", "table": "genome", "level": "DEBUG", "module": "input_file_validator", "msg": "Line 4: Tab-delimited"}
{"time": "2025-07-07 04:51:04,001", "pipeline": "pangenome", "schema": "pangenome", "table": "genome", "level": "DEBUG", "module": "input_file_validator", "msg": "Line 5: Tab-delimited"}
{"time": "2025-07-07 04:51:04,001", "pipeline": "pangenome", "schema": "pangenome", "table": "genome", "level": "INFO", "module": "input_file_validator", "msg": "Checking file: s3a://cdm-lake/bronze/ncbi/assembly_summary_genbank.txt"}
{"time": "2025-07-07 04:51:04,007", "pipeline": "pangenome", "schema": "pangenome", "table": "genome", "level": "INFO", "module": "input_file_validator", "msg": "File exists: s3://cdm-lake/bronze/ncbi/assembly_summary_genbank.txt"}
{"time": "2025-07-07 04:51:51,228", "pipeline": "pangenome", "schema": "pangenome", "table": "genome", "level": "DEBUG", "module": "input_file_validator", "msg": "Line 2: Tab-delimited"}
{"time": "2025-07-07 04:51:51,323", "pipeline": "pangenome", "schema": "pangenome", "table": "genome", "level": "DEBUG", "module": "input_file_validator", "msg": "Line 3: Tab-delimited"}
{"time": "2025-07-07 04:51:51,330", "pipeline": "pangenome", "schema": "pangenome", "table": "genome", "level": "DEBUG", "module": "input_file_validator", "msg": "Line 4: Tab-delimited"}
{"time": "2025-07-07 04:51:51,331", "pipeline": "pangenome", "schema": "pangenome", "table": "genome", "level": "DEBUG", "module": "input_file_validator", "msg": "Line 5: Tab-delimited"}
{"time": "2025-07-07 04:51:51,333", "pipeline": "pangenome", "schema": "pangenome", "table": "genome", "level": "DEBUG", "module": "input_file_validator", "msg": "Line 6: Tab-delimited"}
{"time": "2025-07-07 04:52:02,103", "pipeline": "pangenome", "schema": "pangenome", "table": "genome", "level": "INFO", "module": "validate_schema", "msg": "Starting schema vs. file validation"}
{"time": "2025-07-07 04:52:02,257", "pipeline": "pangenome", "schema": "pangenome", "table": "genome", "level": "DEBUG", "module": "config_loader", "msg": "Output file: {'output_file_path': 's3a://cdm-lake/pangenome-source/table_genome_V1.1.tsv', 'file_type': 'tsv', 'delimiter': '\t', 'ignore_first_line': 'no'}"}
{"time": "2025-07-07 04:52:02,259", "pipeline": "pangenome", "schema": "pangenome", "table": "genome", "level": "INFO", "module": "validate_schema", "msg": "Output file: s3a://cdm-lake/pangenome-source/table_genome_V1.1.tsv"}
{"time": "2025-07-07 04:52:02,260", "pipeline": "pangenome", "schema": "pangenome", "table": "genome", "level": "DEBUG", "module": "validate_schema", "msg": "Delimiter: 	, Ignore first line: False"}
{"time": "2025-07-07 04:52:02,924", "pipeline": "pangenome", "schema": "pangenome", "table": "genome", "level": "INFO", "module": "validate_schema", "msg": "Header columns successfully extracted from output file"}
{"time": "2025-07-07 04:52:02,925", "pipeline": "pangenome", "schema": "pangenome", "table": "genome", "level": "DEBUG", "module": "validate_schema", "msg": "Header columns: ['genome_id', 'gtdb_species_clade_id', 'gtdb_taxonomy_id', 'ncbi_biosample_id', 'fna_file_path_nersc', 'faa_file_path_nersc']"}
{"time": "2025-07-07 04:52:02,926", "pipeline": "pangenome", "schema": "pangenome", "table": "genome", "level": "DEBUG", "module": "config_loader", "msg": "Schema file path: s3a://cdm-lake/schemas/pangenome-schema.yaml"}
{"time": "2025-07-07 04:52:02,927", "pipeline": "pangenome", "schema": "pangenome", "table": "genome", "level": "INFO", "module": "validate_schema", "msg": "Schema file: s3a://cdm-lake/schemas/pangenome-schema.yaml"}
{"time": "2025-07-07 04:52:02,995", "pipeline": "pangenome", "schema": "pangenome", "table": "genome", "level": "INFO", "module": "validate_schema", "msg": "Schema loaded successfully"}
{"time": "2025-07-07 04:52:02,997", "pipeline": "pangenome", "schema": "pangenome", "table": "genome", "level": "DEBUG", "module": "validate_schema", "msg": "Schema columns: ['genome_id', 'gtdb_taxonomy_id', 'gtdb_species_clade_id', 'ncbi_biosample_id', 'fna_file_path_nersc', 'faa_file_path_nersc']"}
{"time": "2025-07-07 04:52:02,997", "pipeline": "pangenome", "schema": "pangenome", "table": "genome", "level": "INFO", "module": "validate_schema", "msg": "Comparison between schema and file header completed"}
{"time": "2025-07-07 04:52:02,998", "pipeline": "pangenome", "schema": "pangenome", "table": "genome", "level": "INFO", "module": "validate_schema", "msg": "All schema columns are present in the file"}
{"time": "2025-07-07 04:52:02,998", "pipeline": "pangenome", "schema": "pangenome", "table": "genome", "level": "INFO", "module": "validate_schema", "msg": "No extra columns in the file"}
