{"time": "2025-07-10 05:23:02,641", "pipeline": "pangenome", "schema": "pangenome", "table": "genome", "level": "INFO", "module": "2161914337", "msg": "Notebook started"}
{"time": "2025-07-10 05:23:02,653", "pipeline": "pangenome", "schema": "pangenome", "table": "genome", "level": "INFO", "module": "config_loader", "msg": "ConfigLoader initialized for target table: genome"}
{"time": "2025-07-10 05:23:02,654", "pipeline": "pangenome", "schema": "pangenome", "table": "genome", "level": "INFO", "module": "config_loader", "msg": "Resolved config path: s3a://cdm-lake/config-json/genome.json"}
{"time": "2025-07-10 05:23:02,655", "pipeline": "pangenome", "schema": "pangenome", "table": "genome", "level": "INFO", "module": "config_loader", "msg": "Loading config from MinIO: bucket=cdm-lake, key=config-json/genome.json"}
{"time": "2025-07-10 05:23:02,811", "pipeline": "pangenome", "schema": "pangenome", "table": "genome", "level": "INFO", "module": "config_loader", "msg": "Config loaded successfully from MinIO"}
{"time": "2025-07-10 05:23:02,812", "pipeline": "pangenome", "schema": "pangenome", "table": "genome", "level": "INFO", "module": "config_loader", "msg": "All required fields are present in the config"}
{"time": "2025-07-10 05:23:02,812", "pipeline": "pangenome", "schema": "pangenome", "table": "genome", "level": "DEBUG", "module": "config_loader", "msg": "Target table: pangenome.genome"}
{"time": "2025-07-10 05:23:03,095", "pipeline": "pangenome", "schema": "pangenome", "table": "genome", "level": "INFO", "module": "spark_session", "msg": "Found 4 JARs in /home/jovyan/jars"}
{"time": "2025-07-10 05:23:03,095", "pipeline": "pangenome", "schema": "pangenome", "table": "genome", "level": "DEBUG", "module": "spark_session", "msg": "JARs: ['/home/jovyan/jars/aws-java-sdk-bundle-1.12.367.jar', '/home/jovyan/jars/delta-core_2.12-2.4.0.jar', '/home/jovyan/jars/delta-storage-2.4.0.jar', '/home/jovyan/jars/hadoop-aws-3.3.4.jar']"}
{"time": "2025-07-10 05:23:03,096", "pipeline": "pangenome", "schema": "pangenome", "table": "genome", "level": "INFO", "module": "spark_session", "msg": "Starting Spark session..."}
{"time": "2025-07-10 05:23:07,400", "pipeline": "pangenome", "schema": "pangenome", "table": "genome", "level": "INFO", "module": "spark_session", "msg": "Spark session started successfully"}
{"time": "2025-07-10 05:23:07,422", "pipeline": "pangenome", "schema": "pangenome", "table": "genome", "level": "DEBUG", "module": "config_loader", "msg": "Input files: [{'source': 'GTDB', 'file_path': 's3a://cdm-lake/bronze/gtdb/sp_clusters_r214.tsv', 'file_type': 'tsv', 'delimiter': '\t', 'ignore_first_line': 'no'}, {'source': 'NCBI', 'file_path': 's3a://cdm-lake/bronze/ncbi/assembly_summary_genbank.txt', 'file_type': 'tsv', 'delimiter': '\t', 'ignore_first_line': 'yes'}]"}
{"time": "2025-07-10 05:23:07,423", "pipeline": "pangenome", "schema": "pangenome", "table": "genome", "level": "INFO", "module": "input_file_validator", "msg": "Starting input file validation..."}
{"time": "2025-07-10 05:23:07,428", "pipeline": "pangenome", "schema": "pangenome", "table": "genome", "level": "INFO", "module": "input_file_validator", "msg": "Checking file: s3a://cdm-lake/bronze/gtdb/sp_clusters_r214.tsv"}
{"time": "2025-07-10 05:23:07,437", "pipeline": "pangenome", "schema": "pangenome", "table": "genome", "level": "INFO", "module": "input_file_validator", "msg": "File exists: s3://cdm-lake/bronze/gtdb/sp_clusters_r214.tsv"}
{"time": "2025-07-10 05:23:07,565", "pipeline": "pangenome", "schema": "pangenome", "table": "genome", "level": "DEBUG", "module": "input_file_validator", "msg": "Line 1: Tab-delimited"}
{"time": "2025-07-10 05:23:07,567", "pipeline": "pangenome", "schema": "pangenome", "table": "genome", "level": "DEBUG", "module": "input_file_validator", "msg": "Line 2: Tab-delimited"}
{"time": "2025-07-10 05:23:07,567", "pipeline": "pangenome", "schema": "pangenome", "table": "genome", "level": "DEBUG", "module": "input_file_validator", "msg": "Line 3: Tab-delimited"}
{"time": "2025-07-10 05:23:07,568", "pipeline": "pangenome", "schema": "pangenome", "table": "genome", "level": "DEBUG", "module": "input_file_validator", "msg": "Line 4: Tab-delimited"}
{"time": "2025-07-10 05:23:07,569", "pipeline": "pangenome", "schema": "pangenome", "table": "genome", "level": "DEBUG", "module": "input_file_validator", "msg": "Line 5: Tab-delimited"}
{"time": "2025-07-10 05:23:07,570", "pipeline": "pangenome", "schema": "pangenome", "table": "genome", "level": "INFO", "module": "input_file_validator", "msg": "Checking file: s3a://cdm-lake/bronze/ncbi/assembly_summary_genbank.txt"}
{"time": "2025-07-10 05:23:07,577", "pipeline": "pangenome", "schema": "pangenome", "table": "genome", "level": "INFO", "module": "input_file_validator", "msg": "File exists: s3://cdm-lake/bronze/ncbi/assembly_summary_genbank.txt"}
{"time": "2025-07-10 05:23:59,992", "pipeline": "pangenome", "schema": "pangenome", "table": "genome", "level": "DEBUG", "module": "input_file_validator", "msg": "Line 2: Tab-delimited"}
{"time": "2025-07-10 05:24:00,100", "pipeline": "pangenome", "schema": "pangenome", "table": "genome", "level": "DEBUG", "module": "input_file_validator", "msg": "Line 3: Tab-delimited"}
{"time": "2025-07-10 05:24:00,103", "pipeline": "pangenome", "schema": "pangenome", "table": "genome", "level": "DEBUG", "module": "input_file_validator", "msg": "Line 4: Tab-delimited"}
{"time": "2025-07-10 05:24:00,105", "pipeline": "pangenome", "schema": "pangenome", "table": "genome", "level": "DEBUG", "module": "input_file_validator", "msg": "Line 5: Tab-delimited"}
{"time": "2025-07-10 05:24:00,107", "pipeline": "pangenome", "schema": "pangenome", "table": "genome", "level": "DEBUG", "module": "input_file_validator", "msg": "Line 6: Tab-delimited"}
{"time": "2025-07-10 05:24:10,738", "pipeline": "pangenome", "schema": "pangenome", "table": "genome", "level": "INFO", "module": "validate_schema", "msg": "Starting schema vs. file validation"}
{"time": "2025-07-10 05:24:10,885", "pipeline": "pangenome", "schema": "pangenome", "table": "genome", "level": "DEBUG", "module": "config_loader", "msg": "Output file: {'output_file_path': 's3a://cdm-lake/pangenome-source/table_genome_V1.1.tsv', 'file_type': 'tsv', 'delimiter': '\t', 'ignore_first_line': 'no'}"}
{"time": "2025-07-10 05:24:10,887", "pipeline": "pangenome", "schema": "pangenome", "table": "genome", "level": "INFO", "module": "validate_schema", "msg": "Output file: s3a://cdm-lake/pangenome-source/table_genome_V1.1.tsv"}
{"time": "2025-07-10 05:24:10,888", "pipeline": "pangenome", "schema": "pangenome", "table": "genome", "level": "DEBUG", "module": "validate_schema", "msg": "Delimiter: 	, Ignore first line: False"}
{"time": "2025-07-10 05:24:11,667", "pipeline": "pangenome", "schema": "pangenome", "table": "genome", "level": "INFO", "module": "validate_schema", "msg": "Header columns successfully extracted from output file"}
{"time": "2025-07-10 05:24:11,669", "pipeline": "pangenome", "schema": "pangenome", "table": "genome", "level": "DEBUG", "module": "validate_schema", "msg": "Header columns: ['genome_id', 'gtdb_species_clade_id', 'gtdb_taxonomy_id', 'ncbi_biosample_id', 'fna_file_path_nersc', 'faa_file_path_nersc']"}
{"time": "2025-07-10 05:24:11,670", "pipeline": "pangenome", "schema": "pangenome", "table": "genome", "level": "DEBUG", "module": "config_loader", "msg": "Schema file path: s3a://cdm-lake/schemas/pangenome-schema.yaml"}
{"time": "2025-07-10 05:24:11,671", "pipeline": "pangenome", "schema": "pangenome", "table": "genome", "level": "INFO", "module": "validate_schema", "msg": "Schema file: s3a://cdm-lake/schemas/pangenome-schema.yaml"}
{"time": "2025-07-10 05:24:11,750", "pipeline": "pangenome", "schema": "pangenome", "table": "genome", "level": "DEBUG", "module": "config_loader", "msg": "Target table: pangenome.genome"}
{"time": "2025-07-10 05:24:11,751", "pipeline": "pangenome", "schema": "pangenome", "table": "genome", "level": "INFO", "module": "validate_schema", "msg": "Derived schema class name: genome"}
{"time": "2025-07-10 05:24:11,752", "pipeline": "pangenome", "schema": "pangenome", "table": "genome", "level": "INFO", "module": "validate_schema", "msg": "Schema loaded and class found successfully"}
{"time": "2025-07-10 05:24:11,753", "pipeline": "pangenome", "schema": "pangenome", "table": "genome", "level": "DEBUG", "module": "validate_schema", "msg": "Schema columns: ['genome_id', 'gtdb_taxonomy_id', 'gtdb_species_clade_id', 'ncbi_biosample_id', 'fna_file_path_nersc', 'faa_file_path_nersc']"}
{"time": "2025-07-10 05:24:11,753", "pipeline": "pangenome", "schema": "pangenome", "table": "genome", "level": "INFO", "module": "validate_schema", "msg": "Comparison between schema and file header completed"}
{"time": "2025-07-10 05:24:11,754", "pipeline": "pangenome", "schema": "pangenome", "table": "genome", "level": "INFO", "module": "validate_schema", "msg": "All schema columns are present in the file"}
{"time": "2025-07-10 05:24:11,755", "pipeline": "pangenome", "schema": "pangenome", "table": "genome", "level": "INFO", "module": "validate_schema", "msg": "No extra columns in the file"}
{"time": "2025-07-10 05:24:11,776", "pipeline": "pangenome", "schema": "pangenome", "table": "genome", "level": "DEBUG", "module": "config_loader", "msg": "Output file: {'output_file_path': 's3a://cdm-lake/pangenome-source/table_genome_V1.1.tsv', 'file_type': 'tsv', 'delimiter': '\t', 'ignore_first_line': 'no'}"}
{"time": "2025-07-10 05:24:11,778", "pipeline": "pangenome", "schema": "pangenome", "table": "genome", "level": "INFO", "module": "run_validations", "msg": "Starting validation on file: s3a://cdm-lake/pangenome-source/table_genome_V1.1.tsv"}
{"time": "2025-07-10 05:24:11,778", "pipeline": "pangenome", "schema": "pangenome", "table": "genome", "level": "DEBUG", "module": "run_validations", "msg": "Delimiter: 	, Ignore first line: False"}
{"time": "2025-07-10 05:24:11,780", "pipeline": "pangenome", "schema": "pangenome", "table": "genome", "level": "DEBUG", "module": "config_loader", "msg": "Validations: [{'column': 'genome_id', 'validation_type': 'not_null', 'error_message': 'Missing genome_id'}, {'column': 'genome_id', 'validation_type': 'regex_match', 'pattern': '^[A-Za-z0-9_.-]+$', 'error_message': 'Invalid genome_id format'}, {'column': 'gtdb_taxonomy_id', 'validation_type': 'not_null', 'error_message': 'Missing taxonomy ID'}, {'column': 'gtdb_species_clade_id', 'validation_type': 'not_null', 'error_message': 'Missing species clade ID'}]"}
{"time": "2025-07-10 05:24:11,781", "pipeline": "pangenome", "schema": "pangenome", "table": "genome", "level": "DEBUG", "module": "run_validations", "msg": "Validation rules: [{'column': 'genome_id', 'validation_type': 'not_null', 'error_message': 'Missing genome_id'}, {'column': 'genome_id', 'validation_type': 'regex_match', 'pattern': '^[A-Za-z0-9_.-]+$', 'error_message': 'Invalid genome_id format'}, {'column': 'gtdb_taxonomy_id', 'validation_type': 'not_null', 'error_message': 'Missing taxonomy ID'}, {'column': 'gtdb_species_clade_id', 'validation_type': 'not_null', 'error_message': 'Missing species clade ID'}]"}
{"time": "2025-07-10 05:24:14,437", "pipeline": "pangenome", "schema": "pangenome", "table": "genome", "level": "INFO", "module": "run_validations", "msg": "Running validations..."}
{"time": "2025-07-10 05:24:14,438", "pipeline": "pangenome", "schema": "pangenome", "table": "genome", "level": "DEBUG", "module": "run_validations", "msg": "Header columns: ['genome_id', 'gtdb_species_clade_id', 'gtdb_taxonomy_id', 'ncbi_biosample_id', 'fna_file_path_nersc', 'faa_file_path_nersc']"}
{"time": "2025-07-10 05:24:15,019", "pipeline": "pangenome", "schema": "pangenome", "table": "genome", "level": "INFO", "module": "run_validations", "msg": "Validation summary:"}
{"time": "2025-07-10 05:24:15,020", "pipeline": "pangenome", "schema": "pangenome", "table": "genome", "level": "INFO", "module": "run_validations", "msg": "All validation rules passed. No issues found."}
{"time": "2025-07-10 05:24:15,021", "pipeline": "pangenome", "schema": "pangenome", "table": "genome", "level": "INFO", "module": "run_validations", "msg": "Passed: genome_id - not_null"}
{"time": "2025-07-10 05:24:15,021", "pipeline": "pangenome", "schema": "pangenome", "table": "genome", "level": "INFO", "module": "run_validations", "msg": "Passed: genome_id - regex_match"}
{"time": "2025-07-10 05:24:15,022", "pipeline": "pangenome", "schema": "pangenome", "table": "genome", "level": "INFO", "module": "run_validations", "msg": "Passed: gtdb_species_clade_id - not_null"}
{"time": "2025-07-10 05:24:15,023", "pipeline": "pangenome", "schema": "pangenome", "table": "genome", "level": "INFO", "module": "run_validations", "msg": "Passed: gtdb_taxonomy_id - not_null"}
{"time": "2025-07-10 05:24:15,118", "pipeline": "pangenome", "schema": "pangenome", "table": "genome", "level": "INFO", "module": "config_loader", "msg": "Loading config from MinIO: bucket=cdm-lake, key=config-json/genome.json"}
{"time": "2025-07-10 05:24:15,130", "pipeline": "pangenome", "schema": "pangenome", "table": "genome", "level": "INFO", "module": "config_loader", "msg": "Config loaded successfully from MinIO"}
{"time": "2025-07-10 05:24:15,131", "pipeline": "pangenome", "schema": "pangenome", "table": "genome", "level": "INFO", "module": "config_loader", "msg": "All required fields are present in the config"}
{"time": "2025-07-10 05:24:15,132", "pipeline": "pangenome", "schema": "pangenome", "table": "genome", "level": "DEBUG", "module": "config_loader", "msg": "Referential integrity rules: [{'foreign_key': 'genome_id', 'reference_table': 'gtdb_metadata', 'reference_column': 'accession', 'database': 'pangenome', 'action': 'log'}, {'foreign_key': 'gtdb_species_clade_id', 'reference_table': 'gtdb_species_clade', 'reference_column': 'gtdb_species_clade_id', 'database': 'pangenome', 'action': 'log'}, {'foreign_key': 'gtdb_taxonomy_id', 'reference_table': 'gtdb_taxonomy_r214v1', 'reference_column': 'gtdb_taxonomy_id', 'database': 'pangenome', 'action': 'log'}]"}
{"time": "2025-07-10 05:24:15,133", "pipeline": "pangenome", "schema": "pangenome", "table": "genome", "level": "DEBUG", "module": "config_loader", "msg": "Target table: pangenome.genome"}
{"time": "2025-07-10 05:24:22,986", "pipeline": "pangenome", "schema": "pangenome", "table": "genome", "level": "INFO", "module": "run_referential_integrity_checks", "msg": "Starting referential integrity checks for table: pangenome.genome"}
{"time": "2025-07-10 05:24:22,987", "pipeline": "pangenome", "schema": "pangenome", "table": "genome", "level": "INFO", "module": "run_referential_integrity_checks", "msg": "Checking foreign key: genome_id in pangenome.genome → accession in pangenome.gtdb_metadata"}
{"time": "2025-07-10 05:24:29,692", "pipeline": "pangenome", "schema": "pangenome", "table": "genome", "level": "INFO", "module": "run_referential_integrity_checks", "msg": "Violations found: 0"}
{"time": "2025-07-10 05:24:29,694", "pipeline": "pangenome", "schema": "pangenome", "table": "genome", "level": "INFO", "module": "run_referential_integrity_checks", "msg": "Checking foreign key: gtdb_species_clade_id in pangenome.genome → gtdb_species_clade_id in pangenome.gtdb_species_clade"}
{"time": "2025-07-10 05:24:31,348", "pipeline": "pangenome", "schema": "pangenome", "table": "genome", "level": "INFO", "module": "run_referential_integrity_checks", "msg": "Violations found: 0"}
{"time": "2025-07-10 05:24:31,349", "pipeline": "pangenome", "schema": "pangenome", "table": "genome", "level": "INFO", "module": "run_referential_integrity_checks", "msg": "Checking foreign key: gtdb_taxonomy_id in pangenome.genome → gtdb_taxonomy_id in pangenome.gtdb_taxonomy_r214v1"}
{"time": "2025-07-10 05:24:32,730", "pipeline": "pangenome", "schema": "pangenome", "table": "genome", "level": "INFO", "module": "run_referential_integrity_checks", "msg": "Violations found: 293059"}
{"time": "2025-07-10 05:24:32,731", "pipeline": "pangenome", "schema": "pangenome", "table": "genome", "level": "WARNING", "module": "run_referential_integrity_checks", "msg": "293059 violations found in referential integrity check for FK: gtdb_taxonomy_id → gtdb_taxonomy_id in pangenome.gtdb_taxonomy_r214v1"}
{"time": "2025-07-10 05:24:33,899", "pipeline": "pangenome", "schema": "pangenome", "table": "genome", "level": "ERROR", "module": "run_referential_integrity_checks", "msg": "Sample violations for FK 'gtdb_taxonomy_id': [{'gtdb_taxonomy_id': 'd__Bacteria;p__Bacteroidota;c__Bacteroidia;o__Bacteroidales;f__Porphyromonadaceae;g__Porphyromonas_A'}, {'gtdb_taxonomy_id': 'd__Bacteria;p__Bacteroidota;c__Bacteroidia;o__Bacteroidales;f__Porphyromonadaceae;g__Porphyromonas_A'}, {'gtdb_taxonomy_id': 'd__Bacteria;p__Bacteroidota;c__Bacteroidia;o__Bacteroidales;f__Porphyromonadaceae;g__Porphyromonas_A'}, {'gtdb_taxonomy_id': 'd__Bacteria;p__Chloroflexota;c__Dehalococcoidia;o__Bin125;f__Bin125;g__Bin125'}, {'gtdb_taxonomy_id': 'd__Bacteria;p__Chloroflexota;c__Dehalococcoidia;o__Bin125;f__Bin125;g__Bin125'}]"}
{"time": "2025-07-10 05:24:33,906", "pipeline": "pangenome", "schema": "pangenome", "table": "genome", "level": "DEBUG", "module": "config_loader", "msg": "Logging config: {'error_table': 'genome_errors', 'output_delta_path': 's3a://cdm-lake/logs/errors/genome'}"}
{"time": "2025-07-10 05:24:38,876", "pipeline": "pangenome", "schema": "pangenome", "table": "genome", "level": "ERROR", "module": "run_referential_integrity_checks", "msg": "Referential integrity violations written to Delta table: pangenome.genome_errors at s3a://cdm-lake/logs/errors/genome"}
{"time": "2025-07-10 05:24:38,878", "pipeline": "pangenome", "schema": "pangenome", "table": "genome", "level": "WARNING", "module": "run_referential_integrity_checks", "msg": "Referential integrity check(s) failed."}
{"time": "2025-07-10 05:24:49,283", "pipeline": "pangenome", "schema": "pangenome", "table": "genome", "level": "DEBUG", "module": "config_loader", "msg": "Target table: pangenome.genome"}
{"time": "2025-07-10 05:24:49,284", "pipeline": "pangenome", "schema": "pangenome", "table": "genome", "level": "INFO", "module": "run_great_expectations_validations", "msg": "Starting Great Expectations validation for table: pangenome.genome with suite: default_suite"}
{"time": "2025-07-10 05:24:49,330", "pipeline": "pangenome", "schema": "pangenome", "table": "genome", "level": "INFO", "module": "run_great_expectations_validations", "msg": "Loaded Spark table: pangenome.genome"}
{"time": "2025-07-10 05:24:49,478", "pipeline": "pangenome", "schema": "pangenome", "table": "genome", "level": "INFO", "module": "run_great_expectations_validations", "msg": "Great Expectations context initialized."}
{"time": "2025-07-10 05:24:49,498", "pipeline": "pangenome", "schema": "pangenome", "table": "genome", "level": "INFO", "module": "run_great_expectations_validations", "msg": "Expectation suite 'default_suite' added or updated."}
{"time": "2025-07-10 05:24:49,605", "pipeline": "pangenome", "schema": "pangenome", "table": "genome", "level": "INFO", "module": "run_great_expectations_validations", "msg": "Spark datasource registered in GE context."}
{"time": "2025-07-10 05:24:49,606", "pipeline": "pangenome", "schema": "pangenome", "table": "genome", "level": "DEBUG", "module": "run_great_expectations_validations", "msg": "Batch request created for data asset: pangenome_genome"}
{"time": "2025-07-10 05:24:49,764", "pipeline": "pangenome", "schema": "pangenome", "table": "genome", "level": "INFO", "module": "run_great_expectations_validations", "msg": "Validator initialized for batch request."}
{"time": "2025-07-10 05:24:49,765", "pipeline": "pangenome", "schema": "pangenome", "table": "genome", "level": "DEBUG", "module": "run_great_expectations_validations", "msg": "Found 5 expectations to apply."}
{"time": "2025-07-10 05:24:49,766", "pipeline": "pangenome", "schema": "pangenome", "table": "genome", "level": "DEBUG", "module": "run_great_expectations_validations", "msg": "Loaded GE validations config: [{'expectation_type': 'expect_column_values_to_not_be_null', 'params': {'column': 'genome_id'}}, {'expectation_type': 'expect_column_values_to_match_regex', 'params': {'column': 'genome_id', 'regex': '^[A-Za-z0-9_.-]+$'}}, {'expectation_type': 'expect_column_values_to_not_be_null', 'params': {'column': 'gtdb_species_clade_id'}}, {'expectation_type': 'expect_column_values_to_not_be_null', 'params': {'column': 'gtdb_taxonomy_id'}}, {'expectation_type': 'expect_column_to_exist', 'params': {'column': 'ncbi_biosample_id'}}]"}
{"time": "2025-07-10 05:24:50,874", "pipeline": "pangenome", "schema": "pangenome", "table": "genome", "level": "INFO", "module": "run_great_expectations_validations", "msg": "Applied GE expectation: expect_column_values_to_not_be_null with args {'column': 'genome_id'} → result: True"}
{"time": "2025-07-10 05:24:51,306", "pipeline": "pangenome", "schema": "pangenome", "table": "genome", "level": "INFO", "module": "run_great_expectations_validations", "msg": "Applied GE expectation: expect_column_values_to_match_regex with args {'column': 'genome_id', 'regex': '^[A-Za-z0-9_.-]+$'} → result: True"}
{"time": "2025-07-10 05:24:51,566", "pipeline": "pangenome", "schema": "pangenome", "table": "genome", "level": "INFO", "module": "run_great_expectations_validations", "msg": "Applied GE expectation: expect_column_values_to_not_be_null with args {'column': 'gtdb_species_clade_id'} → result: True"}
{"time": "2025-07-10 05:24:51,810", "pipeline": "pangenome", "schema": "pangenome", "table": "genome", "level": "INFO", "module": "run_great_expectations_validations", "msg": "Applied GE expectation: expect_column_values_to_not_be_null with args {'column': 'gtdb_taxonomy_id'} → result: True"}
{"time": "2025-07-10 05:24:51,821", "pipeline": "pangenome", "schema": "pangenome", "table": "genome", "level": "INFO", "module": "run_great_expectations_validations", "msg": "Applied GE expectation: expect_column_to_exist with args {'column': 'ncbi_biosample_id'} → result: True"}
{"time": "2025-07-10 05:24:51,849", "pipeline": "pangenome", "schema": "pangenome", "table": "genome", "level": "INFO", "module": "run_great_expectations_validations", "msg": "Expectations saved to suite."}
{"time": "2025-07-10 05:24:52,369", "pipeline": "pangenome", "schema": "pangenome", "table": "genome", "level": "INFO", "module": "run_great_expectations_validations", "msg": "Validation run completed."}
{"time": "2025-07-10 05:24:52,372", "pipeline": "pangenome", "schema": "pangenome", "table": "genome", "level": "DEBUG", "module": "run_great_expectations_validations", "msg": "Validation summary: {'success': True, 'successful_expectations': 5, 'unsuccessful_expectations': 0, 'success_percent': 100.0}"}
{"time": "2025-07-10 05:24:54,191", "pipeline": "pangenome", "schema": "pangenome", "table": "genome", "level": "INFO", "module": "run_great_expectations_validations", "msg": "Data Docs built after validation."}
{"time": "2025-07-10 05:24:55,901", "pipeline": "pangenome", "schema": "pangenome", "table": "genome", "level": "INFO", "module": "run_great_expectations_validations", "msg": "Checkpoint executed."}
{"time": "2025-07-10 05:24:57,552", "pipeline": "pangenome", "schema": "pangenome", "table": "genome", "level": "INFO", "module": "run_great_expectations_validations", "msg": "Data Docs rebuilt with checkpoint results."}
