{"time": "2025-07-08 16:30:52,635", "pipeline": "pangenome", "schema": "pangenome", "table": "genome", "level": "INFO", "module": "2161914337", "msg": "Notebook started"}
{"time": "2025-07-08 16:30:52,647", "pipeline": "pangenome", "schema": "pangenome", "table": "genome", "level": "INFO", "module": "config_loader", "msg": "ConfigLoader initialized for target table: genome"}
{"time": "2025-07-08 16:30:52,648", "pipeline": "pangenome", "schema": "pangenome", "table": "genome", "level": "INFO", "module": "config_loader", "msg": "Resolved config path: s3a://cdm-lake/config-json/genome.json"}
{"time": "2025-07-08 16:30:52,650", "pipeline": "pangenome", "schema": "pangenome", "table": "genome", "level": "INFO", "module": "config_loader", "msg": "Loading config from MinIO: bucket=cdm-lake, key=config-json/genome.json"}
{"time": "2025-07-08 16:30:52,737", "pipeline": "pangenome", "schema": "pangenome", "table": "genome", "level": "INFO", "module": "config_loader", "msg": "Config loaded successfully from MinIO"}
{"time": "2025-07-08 16:30:52,738", "pipeline": "pangenome", "schema": "pangenome", "table": "genome", "level": "INFO", "module": "config_loader", "msg": "All required fields are present in the config"}
{"time": "2025-07-08 16:30:52,740", "pipeline": "pangenome", "schema": "pangenome", "table": "genome", "level": "DEBUG", "module": "config_loader", "msg": "Target table: pangenome.genome"}
{"time": "2025-07-08 16:30:52,984", "pipeline": "pangenome", "schema": "pangenome", "table": "genome", "level": "INFO", "module": "spark_session", "msg": "Found 4 JARs in /home/jovyan/jars"}
{"time": "2025-07-08 16:30:52,985", "pipeline": "pangenome", "schema": "pangenome", "table": "genome", "level": "DEBUG", "module": "spark_session", "msg": "JARs: ['/home/jovyan/jars/aws-java-sdk-bundle-1.12.367.jar', '/home/jovyan/jars/delta-core_2.12-2.4.0.jar', '/home/jovyan/jars/delta-storage-2.4.0.jar', '/home/jovyan/jars/hadoop-aws-3.3.4.jar']"}
{"time": "2025-07-08 16:30:52,985", "pipeline": "pangenome", "schema": "pangenome", "table": "genome", "level": "INFO", "module": "spark_session", "msg": "Starting Spark session..."}
{"time": "2025-07-08 16:30:57,545", "pipeline": "pangenome", "schema": "pangenome", "table": "genome", "level": "INFO", "module": "spark_session", "msg": "Spark session started successfully"}
{"time": "2025-07-08 16:31:01,966", "pipeline": "pangenome", "schema": "pangenome", "table": "genome", "level": "DEBUG", "module": "config_loader", "msg": "Target table: pangenome.genome"}
{"time": "2025-07-08 16:31:01,967", "pipeline": "pangenome", "schema": "pangenome", "table": "genome", "level": "INFO", "module": "run_great_expectations_validations", "msg": "Starting Great Expectations validation for table: pangenome.genome with suite: default_suite"}
{"time": "2025-07-08 16:31:07,203", "pipeline": "pangenome", "schema": "pangenome", "table": "genome", "level": "INFO", "module": "run_great_expectations_validations", "msg": "Loaded Spark table: pangenome.genome"}
{"time": "2025-07-08 16:31:07,352", "pipeline": "pangenome", "schema": "pangenome", "table": "genome", "level": "INFO", "module": "run_great_expectations_validations", "msg": "Great Expectations context initialized."}
{"time": "2025-07-08 16:31:07,371", "pipeline": "pangenome", "schema": "pangenome", "table": "genome", "level": "INFO", "module": "run_great_expectations_validations", "msg": "Expectation suite 'default_suite' added or updated."}
{"time": "2025-07-08 16:31:07,474", "pipeline": "pangenome", "schema": "pangenome", "table": "genome", "level": "INFO", "module": "run_great_expectations_validations", "msg": "Spark datasource registered in GE context."}
{"time": "2025-07-08 16:31:07,475", "pipeline": "pangenome", "schema": "pangenome", "table": "genome", "level": "DEBUG", "module": "run_great_expectations_validations", "msg": "Batch request created for data asset: pangenome_genome"}
{"time": "2025-07-08 16:31:10,565", "pipeline": "pangenome", "schema": "pangenome", "table": "genome", "level": "INFO", "module": "run_great_expectations_validations", "msg": "Validator initialized for batch request."}
{"time": "2025-07-08 16:31:10,566", "pipeline": "pangenome", "schema": "pangenome", "table": "genome", "level": "DEBUG", "module": "run_great_expectations_validations", "msg": "Found 0 expectations to apply."}
{"time": "2025-07-08 16:31:10,591", "pipeline": "pangenome", "schema": "pangenome", "table": "genome", "level": "INFO", "module": "run_great_expectations_validations", "msg": "Expectations saved to suite."}
{"time": "2025-07-08 16:31:10,607", "pipeline": "pangenome", "schema": "pangenome", "table": "genome", "level": "INFO", "module": "run_great_expectations_validations", "msg": "Validation run completed."}
{"time": "2025-07-08 16:31:10,608", "pipeline": "pangenome", "schema": "pangenome", "table": "genome", "level": "DEBUG", "module": "run_great_expectations_validations", "msg": "Validation summary: {'success': True, 'successful_expectations': 0, 'unsuccessful_expectations': 0, 'success_percent': None}"}
{"time": "2025-07-08 16:31:11,653", "pipeline": "pangenome", "schema": "pangenome", "table": "genome", "level": "INFO", "module": "run_great_expectations_validations", "msg": "Data Docs built after validation."}
{"time": "2025-07-08 16:31:12,587", "pipeline": "pangenome", "schema": "pangenome", "table": "genome", "level": "INFO", "module": "run_great_expectations_validations", "msg": "Checkpoint executed."}
{"time": "2025-07-08 16:31:13,672", "pipeline": "pangenome", "schema": "pangenome", "table": "genome", "level": "INFO", "module": "run_great_expectations_validations", "msg": "Data Docs rebuilt with checkpoint results."}
