{"time": "2025-07-09 04:34:09,737", "pipeline": "pangenome", "schema": "pangenome", "table": "gtdb_species_clade", "level": "INFO", "module": "927176468", "msg": "Notebook started"}
{"time": "2025-07-09 04:34:09,750", "pipeline": "pangenome", "schema": "pangenome", "table": "gtdb_species_clade", "level": "INFO", "module": "config_loader", "msg": "ConfigLoader initialized for target table: gtdb_species_clade"}
{"time": "2025-07-09 04:34:09,751", "pipeline": "pangenome", "schema": "pangenome", "table": "gtdb_species_clade", "level": "INFO", "module": "config_loader", "msg": "Resolved config path: s3a://cdm-lake/config-json/gtdb_species_clade.json"}
{"time": "2025-07-09 04:34:09,752", "pipeline": "pangenome", "schema": "pangenome", "table": "gtdb_species_clade", "level": "INFO", "module": "config_loader", "msg": "Loading config from MinIO: bucket=cdm-lake, key=config-json/gtdb_species_clade.json"}
{"time": "2025-07-09 04:34:09,980", "pipeline": "pangenome", "schema": "pangenome", "table": "gtdb_species_clade", "level": "INFO", "module": "config_loader", "msg": "Config loaded successfully from MinIO"}
{"time": "2025-07-09 04:34:09,982", "pipeline": "pangenome", "schema": "pangenome", "table": "gtdb_species_clade", "level": "INFO", "module": "config_loader", "msg": "All required fields are present in the config"}
{"time": "2025-07-09 04:34:09,983", "pipeline": "pangenome", "schema": "pangenome", "table": "gtdb_species_clade", "level": "DEBUG", "module": "config_loader", "msg": "Target table: pangenome.gtdb_species_clade"}
{"time": "2025-07-09 04:34:10,304", "pipeline": "pangenome", "schema": "pangenome", "table": "gtdb_species_clade", "level": "INFO", "module": "spark_session", "msg": "Found 4 JARs in /home/jovyan/jars"}
{"time": "2025-07-09 04:34:10,305", "pipeline": "pangenome", "schema": "pangenome", "table": "gtdb_species_clade", "level": "DEBUG", "module": "spark_session", "msg": "JARs: ['/home/jovyan/jars/aws-java-sdk-bundle-1.12.367.jar', '/home/jovyan/jars/delta-core_2.12-2.4.0.jar', '/home/jovyan/jars/delta-storage-2.4.0.jar', '/home/jovyan/jars/hadoop-aws-3.3.4.jar']"}
{"time": "2025-07-09 04:34:10,305", "pipeline": "pangenome", "schema": "pangenome", "table": "gtdb_species_clade", "level": "INFO", "module": "spark_session", "msg": "Starting Spark session..."}
{"time": "2025-07-09 04:34:15,029", "pipeline": "pangenome", "schema": "pangenome", "table": "gtdb_species_clade", "level": "INFO", "module": "spark_session", "msg": "Spark session started successfully"}
{"time": "2025-07-09 04:34:41,356", "pipeline": "pangenome", "schema": "pangenome", "table": "gtdb_species_clade", "level": "INFO", "module": "validate_schema", "msg": "Starting schema vs. file validation"}
{"time": "2025-07-09 04:34:41,360", "pipeline": "pangenome", "schema": "pangenome", "table": "gtdb_species_clade", "level": "DEBUG", "module": "config_loader", "msg": "Output file: {'output_file_path': 's3a://cdm-lake/pangenome-source/table_gtdb_species_clade_V1.1.tsv', 'file_type': 'tsv', 'delimiter': '\t', 'ignore_first_line': 'no'}"}
{"time": "2025-07-09 04:34:41,361", "pipeline": "pangenome", "schema": "pangenome", "table": "gtdb_species_clade", "level": "INFO", "module": "validate_schema", "msg": "Output file: s3a://cdm-lake/pangenome-source/table_gtdb_species_clade_V1.1.tsv"}
{"time": "2025-07-09 04:34:41,362", "pipeline": "pangenome", "schema": "pangenome", "table": "gtdb_species_clade", "level": "DEBUG", "module": "validate_schema", "msg": "Delimiter: 	, Ignore first line: False"}
{"time": "2025-07-09 04:34:41,405", "pipeline": "pangenome", "schema": "pangenome", "table": "gtdb_species_clade", "level": "INFO", "module": "validate_schema", "msg": "Header columns successfully extracted from output file"}
{"time": "2025-07-09 04:34:41,407", "pipeline": "pangenome", "schema": "pangenome", "table": "gtdb_species_clade", "level": "DEBUG", "module": "validate_schema", "msg": "Header columns: ['gtdb_species_clade_id', 'representative_genome_id', 'GTDB_species', 'GTDB_taxonomy', 'ANI_circumscription_radius', 'mean_intra_species_ANI', 'min_intra_species_ANI', 'mean_intra_species_AF', 'min_intra_species_AF', 'no_clustered_genomes_unfiltered', 'no_clustered_genomes_filtered']"}
{"time": "2025-07-09 04:34:41,408", "pipeline": "pangenome", "schema": "pangenome", "table": "gtdb_species_clade", "level": "DEBUG", "module": "config_loader", "msg": "Schema file path: s3a://cdm-lake/schemas/pangenome-schema.yaml"}
{"time": "2025-07-09 04:34:41,408", "pipeline": "pangenome", "schema": "pangenome", "table": "gtdb_species_clade", "level": "INFO", "module": "validate_schema", "msg": "Schema file: s3a://cdm-lake/schemas/pangenome-schema.yaml"}
{"time": "2025-07-09 04:34:41,422", "pipeline": "pangenome", "schema": "pangenome", "table": "gtdb_species_clade", "level": "INFO", "module": "validate_schema", "msg": "Schema loaded successfully"}
{"time": "2025-07-09 04:34:41,424", "pipeline": "pangenome", "schema": "pangenome", "table": "gtdb_species_clade", "level": "DEBUG", "module": "validate_schema", "msg": "Schema columns: ['genome_id', 'gtdb_taxonomy_id', 'gtdb_species_clade_id', 'ncbi_biosample_id', 'fna_file_path_nersc', 'faa_file_path_nersc']"}
{"time": "2025-07-09 04:34:41,424", "pipeline": "pangenome", "schema": "pangenome", "table": "gtdb_species_clade", "level": "INFO", "module": "validate_schema", "msg": "Comparison between schema and file header completed"}
{"time": "2025-07-09 04:34:41,425", "pipeline": "pangenome", "schema": "pangenome", "table": "gtdb_species_clade", "level": "WARNING", "module": "validate_schema", "msg": "Missing columns in file: ['genome_id', 'gtdb_taxonomy_id', 'ncbi_biosample_id', 'fna_file_path_nersc', 'faa_file_path_nersc']"}
{"time": "2025-07-09 04:34:41,425", "pipeline": "pangenome", "schema": "pangenome", "table": "gtdb_species_clade", "level": "WARNING", "module": "validate_schema", "msg": "Extra columns in file not in schema: ['representative_genome_id', 'GTDB_species', 'GTDB_taxonomy', 'ANI_circumscription_radius', 'mean_intra_species_ANI', 'min_intra_species_ANI', 'mean_intra_species_AF', 'min_intra_species_AF', 'no_clustered_genomes_unfiltered', 'no_clustered_genomes_filtered']"}
