{"time": "2025-07-08 14:43:51,348", "pipeline": "pangenome", "schema": "pangenome", "table": "genome", "level": "INFO", "module": "1616997403", "msg": "Notebook started"}
{"time": "2025-07-08 14:43:51,361", "pipeline": "pangenome", "schema": "pangenome", "table": "genome", "level": "INFO", "module": "config_loader", "msg": "ConfigLoader initialized for target table: genome"}
{"time": "2025-07-08 14:43:51,362", "pipeline": "pangenome", "schema": "pangenome", "table": "genome", "level": "INFO", "module": "config_loader", "msg": "Resolved config path: s3a://cdm-lake/config-json/genome.json"}
{"time": "2025-07-08 14:43:51,362", "pipeline": "pangenome", "schema": "pangenome", "table": "genome", "level": "INFO", "module": "config_loader", "msg": "Loading config from MinIO: bucket=cdm-lake, key=config-json/genome.json"}
{"time": "2025-07-08 14:43:51,567", "pipeline": "pangenome", "schema": "pangenome", "table": "genome", "level": "INFO", "module": "config_loader", "msg": "Config loaded successfully from MinIO"}
{"time": "2025-07-08 14:43:51,569", "pipeline": "pangenome", "schema": "pangenome", "table": "genome", "level": "INFO", "module": "config_loader", "msg": "All required fields are present in the config"}
{"time": "2025-07-08 14:43:51,569", "pipeline": "pangenome", "schema": "pangenome", "table": "genome", "level": "DEBUG", "module": "config_loader", "msg": "Target table: pangenome.genome"}
{"time": "2025-07-08 14:43:51,859", "pipeline": "pangenome", "schema": "pangenome", "table": "genome", "level": "INFO", "module": "spark_session", "msg": "Found 4 JARs in /home/jovyan/jars"}
{"time": "2025-07-08 14:43:51,860", "pipeline": "pangenome", "schema": "pangenome", "table": "genome", "level": "DEBUG", "module": "spark_session", "msg": "JARs: ['/home/jovyan/jars/aws-java-sdk-bundle-1.12.367.jar', '/home/jovyan/jars/delta-core_2.12-2.4.0.jar', '/home/jovyan/jars/delta-storage-2.4.0.jar', '/home/jovyan/jars/hadoop-aws-3.3.4.jar']"}
{"time": "2025-07-08 14:43:51,861", "pipeline": "pangenome", "schema": "pangenome", "table": "genome", "level": "INFO", "module": "spark_session", "msg": "Starting Spark session..."}
{"time": "2025-07-08 14:43:56,757", "pipeline": "pangenome", "schema": "pangenome", "table": "genome", "level": "INFO", "module": "spark_session", "msg": "Spark session started successfully"}
{"time": "2025-07-08 14:43:56,770", "pipeline": "pangenome", "schema": "pangenome", "table": "genome", "level": "DEBUG", "module": "config_loader", "msg": "Input files: [{'source': 'GTDB', 'file_path': 's3a://cdm-lake/bronze/gtdb/sp_clusters_r214.tsv', 'file_type': 'tsv', 'delimiter': '\t', 'ignore_first_line': 'no'}, {'source': 'NCBI', 'file_path': 's3a://cdm-lake/bronze/ncbi/assembly_summary_genbank.txt', 'file_type': 'tsv', 'delimiter': '\t', 'ignore_first_line': 'yes'}]"}
{"time": "2025-07-08 14:43:56,771", "pipeline": "pangenome", "schema": "pangenome", "table": "genome", "level": "INFO", "module": "input_file_validator", "msg": "Starting input file validation..."}
{"time": "2025-07-08 14:43:56,776", "pipeline": "pangenome", "schema": "pangenome", "table": "genome", "level": "INFO", "module": "input_file_validator", "msg": "Checking file: s3a://cdm-lake/bronze/gtdb/sp_clusters_r214.tsv"}
{"time": "2025-07-08 14:43:56,784", "pipeline": "pangenome", "schema": "pangenome", "table": "genome", "level": "INFO", "module": "input_file_validator", "msg": "File exists: s3://cdm-lake/bronze/gtdb/sp_clusters_r214.tsv"}
{"time": "2025-07-08 14:43:56,921", "pipeline": "pangenome", "schema": "pangenome", "table": "genome", "level": "DEBUG", "module": "input_file_validator", "msg": "Line 1: Tab-delimited"}
{"time": "2025-07-08 14:43:56,922", "pipeline": "pangenome", "schema": "pangenome", "table": "genome", "level": "DEBUG", "module": "input_file_validator", "msg": "Line 2: Tab-delimited"}
{"time": "2025-07-08 14:43:56,923", "pipeline": "pangenome", "schema": "pangenome", "table": "genome", "level": "DEBUG", "module": "input_file_validator", "msg": "Line 3: Tab-delimited"}
{"time": "2025-07-08 14:43:56,923", "pipeline": "pangenome", "schema": "pangenome", "table": "genome", "level": "DEBUG", "module": "input_file_validator", "msg": "Line 4: Tab-delimited"}
{"time": "2025-07-08 14:43:56,924", "pipeline": "pangenome", "schema": "pangenome", "table": "genome", "level": "DEBUG", "module": "input_file_validator", "msg": "Line 5: Tab-delimited"}
{"time": "2025-07-08 14:43:56,925", "pipeline": "pangenome", "schema": "pangenome", "table": "genome", "level": "INFO", "module": "input_file_validator", "msg": "Checking file: s3a://cdm-lake/bronze/ncbi/assembly_summary_genbank.txt"}
{"time": "2025-07-08 14:43:56,930", "pipeline": "pangenome", "schema": "pangenome", "table": "genome", "level": "INFO", "module": "input_file_validator", "msg": "File exists: s3://cdm-lake/bronze/ncbi/assembly_summary_genbank.txt"}
{"time": "2025-07-08 14:44:46,931", "pipeline": "pangenome", "schema": "pangenome", "table": "genome", "level": "DEBUG", "module": "input_file_validator", "msg": "Line 2: Tab-delimited"}
{"time": "2025-07-08 14:44:47,031", "pipeline": "pangenome", "schema": "pangenome", "table": "genome", "level": "DEBUG", "module": "input_file_validator", "msg": "Line 3: Tab-delimited"}
{"time": "2025-07-08 14:44:47,036", "pipeline": "pangenome", "schema": "pangenome", "table": "genome", "level": "DEBUG", "module": "input_file_validator", "msg": "Line 4: Tab-delimited"}
{"time": "2025-07-08 14:44:47,039", "pipeline": "pangenome", "schema": "pangenome", "table": "genome", "level": "DEBUG", "module": "input_file_validator", "msg": "Line 5: Tab-delimited"}
{"time": "2025-07-08 14:44:47,041", "pipeline": "pangenome", "schema": "pangenome", "table": "genome", "level": "DEBUG", "module": "input_file_validator", "msg": "Line 6: Tab-delimited"}
{"time": "2025-07-08 14:44:57,445", "pipeline": "pangenome", "schema": "pangenome", "table": "genome", "level": "INFO", "module": "validate_schema", "msg": "Starting schema vs. file validation"}
{"time": "2025-07-08 14:44:57,609", "pipeline": "pangenome", "schema": "pangenome", "table": "genome", "level": "DEBUG", "module": "config_loader", "msg": "Output file: {'output_file_path': 's3a://cdm-lake/pangenome-source/table_genome_V1.1.tsv', 'file_type': 'tsv', 'delimiter': '\t', 'ignore_first_line': 'no'}"}
{"time": "2025-07-08 14:44:57,612", "pipeline": "pangenome", "schema": "pangenome", "table": "genome", "level": "INFO", "module": "validate_schema", "msg": "Output file: s3a://cdm-lake/pangenome-source/table_genome_V1.1.tsv"}
{"time": "2025-07-08 14:44:57,613", "pipeline": "pangenome", "schema": "pangenome", "table": "genome", "level": "DEBUG", "module": "validate_schema", "msg": "Delimiter: 	, Ignore first line: False"}
{"time": "2025-07-08 14:44:58,450", "pipeline": "pangenome", "schema": "pangenome", "table": "genome", "level": "INFO", "module": "validate_schema", "msg": "Header columns successfully extracted from output file"}
{"time": "2025-07-08 14:44:58,451", "pipeline": "pangenome", "schema": "pangenome", "table": "genome", "level": "DEBUG", "module": "validate_schema", "msg": "Header columns: ['genome_id', 'gtdb_species_clade_id', 'gtdb_taxonomy_id', 'ncbi_biosample_id', 'fna_file_path_nersc', 'faa_file_path_nersc']"}
{"time": "2025-07-08 14:44:58,452", "pipeline": "pangenome", "schema": "pangenome", "table": "genome", "level": "DEBUG", "module": "config_loader", "msg": "Schema file path: s3a://cdm-lake/schemas/pangenome-schema.yaml"}
{"time": "2025-07-08 14:44:58,453", "pipeline": "pangenome", "schema": "pangenome", "table": "genome", "level": "INFO", "module": "validate_schema", "msg": "Schema file: s3a://cdm-lake/schemas/pangenome-schema.yaml"}
{"time": "2025-07-08 14:44:58,518", "pipeline": "pangenome", "schema": "pangenome", "table": "genome", "level": "INFO", "module": "validate_schema", "msg": "Schema loaded successfully"}
{"time": "2025-07-08 14:44:58,519", "pipeline": "pangenome", "schema": "pangenome", "table": "genome", "level": "DEBUG", "module": "validate_schema", "msg": "Schema columns: ['genome_id', 'gtdb_taxonomy_id', 'gtdb_species_clade_id', 'ncbi_biosample_id', 'fna_file_path_nersc', 'faa_file_path_nersc']"}
{"time": "2025-07-08 14:44:58,519", "pipeline": "pangenome", "schema": "pangenome", "table": "genome", "level": "INFO", "module": "validate_schema", "msg": "Comparison between schema and file header completed"}
{"time": "2025-07-08 14:44:58,520", "pipeline": "pangenome", "schema": "pangenome", "table": "genome", "level": "INFO", "module": "validate_schema", "msg": "All schema columns are present in the file"}
{"time": "2025-07-08 14:44:58,520", "pipeline": "pangenome", "schema": "pangenome", "table": "genome", "level": "INFO", "module": "validate_schema", "msg": "No extra columns in the file"}
{"time": "2025-07-08 14:44:58,540", "pipeline": "pangenome", "schema": "pangenome", "table": "genome", "level": "DEBUG", "module": "config_loader", "msg": "Output file: {'output_file_path': 's3a://cdm-lake/pangenome-source/table_genome_V1.1.tsv', 'file_type': 'tsv', 'delimiter': '\t', 'ignore_first_line': 'no'}"}
{"time": "2025-07-08 14:44:58,541", "pipeline": "pangenome", "schema": "pangenome", "table": "genome", "level": "INFO", "module": "run_validations", "msg": "Starting validation on file: s3a://cdm-lake/pangenome-source/table_genome_V1.1.tsv"}
{"time": "2025-07-08 14:44:58,542", "pipeline": "pangenome", "schema": "pangenome", "table": "genome", "level": "DEBUG", "module": "run_validations", "msg": "Delimiter: 	, Ignore first line: False"}
{"time": "2025-07-08 14:44:58,543", "pipeline": "pangenome", "schema": "pangenome", "table": "genome", "level": "DEBUG", "module": "config_loader", "msg": "Validations: [{'column': 'genome_id', 'validation_type': 'not_null', 'error_message': 'Missing genome_id'}, {'column': 'genome_id', 'validation_type': 'regex_match', 'pattern': '^[A-Za-z0-9_.-]+$', 'error_message': 'Invalid genome_id format'}, {'column': 'gtdb_taxonomy_id', 'validation_type': 'not_null', 'error_message': 'Missing taxonomy ID'}, {'column': 'gtdb_species_clade_id', 'validation_type': 'not_null', 'error_message': 'Missing species clade ID'}]"}
{"time": "2025-07-08 14:44:58,544", "pipeline": "pangenome", "schema": "pangenome", "table": "genome", "level": "DEBUG", "module": "run_validations", "msg": "Validation rules: [{'column': 'genome_id', 'validation_type': 'not_null', 'error_message': 'Missing genome_id'}, {'column': 'genome_id', 'validation_type': 'regex_match', 'pattern': '^[A-Za-z0-9_.-]+$', 'error_message': 'Invalid genome_id format'}, {'column': 'gtdb_taxonomy_id', 'validation_type': 'not_null', 'error_message': 'Missing taxonomy ID'}, {'column': 'gtdb_species_clade_id', 'validation_type': 'not_null', 'error_message': 'Missing species clade ID'}]"}
{"time": "2025-07-08 14:45:01,084", "pipeline": "pangenome", "schema": "pangenome", "table": "genome", "level": "INFO", "module": "run_validations", "msg": "Running validations..."}
{"time": "2025-07-08 14:45:01,085", "pipeline": "pangenome", "schema": "pangenome", "table": "genome", "level": "DEBUG", "module": "run_validations", "msg": "Header columns: ['genome_id', 'gtdb_species_clade_id', 'gtdb_taxonomy_id', 'ncbi_biosample_id', 'fna_file_path_nersc', 'faa_file_path_nersc']"}
{"time": "2025-07-08 14:45:01,441", "pipeline": "pangenome", "schema": "pangenome", "table": "genome", "level": "INFO", "module": "run_validations", "msg": "Validation summary:"}
{"time": "2025-07-08 14:45:01,442", "pipeline": "pangenome", "schema": "pangenome", "table": "genome", "level": "INFO", "module": "run_validations", "msg": "All validation rules passed. No issues found."}
{"time": "2025-07-08 14:45:01,525", "pipeline": "pangenome", "schema": "pangenome", "table": "genome", "level": "INFO", "module": "config_loader", "msg": "Loading config from MinIO: bucket=cdm-lake, key=config-json/genome.json"}
{"time": "2025-07-08 14:45:01,535", "pipeline": "pangenome", "schema": "pangenome", "table": "genome", "level": "INFO", "module": "config_loader", "msg": "Config loaded successfully from MinIO"}
{"time": "2025-07-08 14:45:01,536", "pipeline": "pangenome", "schema": "pangenome", "table": "genome", "level": "INFO", "module": "config_loader", "msg": "All required fields are present in the config"}
{"time": "2025-07-08 14:45:01,536", "pipeline": "pangenome", "schema": "pangenome", "table": "genome", "level": "DEBUG", "module": "config_loader", "msg": "Referential integrity rules: [{'foreign_key': 'genome_id', 'reference_table': 'gtdb_metadata', 'reference_column': 'accession', 'database': 'pangenome', 'action': 'log'}, {'foreign_key': 'gtdb_species_clade_id', 'reference_table': 'gtdb_species_clade', 'reference_column': 'gtdb_species_clade_id', 'database': 'pangenome', 'action': 'log'}, {'foreign_key': 'gtdb_taxonomy_id', 'reference_table': 'gtdb_taxonomy_r214v1', 'reference_column': 'gtdb_taxonomy_id', 'database': 'pangenome', 'action': 'log'}]"}
{"time": "2025-07-08 14:45:01,537", "pipeline": "pangenome", "schema": "pangenome", "table": "genome", "level": "DEBUG", "module": "config_loader", "msg": "Target table: pangenome.genome"}
{"time": "2025-07-08 14:45:08,688", "pipeline": "pangenome", "schema": "pangenome", "table": "genome", "level": "INFO", "module": "run_referential_integrity_checks", "msg": "Starting referential integrity checks for table: pangenome.genome"}
{"time": "2025-07-08 14:45:08,689", "pipeline": "pangenome", "schema": "pangenome", "table": "genome", "level": "INFO", "module": "run_referential_integrity_checks", "msg": "Checking foreign key: genome_id in pangenome.genome → accession in pangenome.gtdb_metadata"}
{"time": "2025-07-08 14:45:14,609", "pipeline": "pangenome", "schema": "pangenome", "table": "genome", "level": "INFO", "module": "run_referential_integrity_checks", "msg": "Violations found: 0"}
{"time": "2025-07-08 14:45:14,610", "pipeline": "pangenome", "schema": "pangenome", "table": "genome", "level": "INFO", "module": "run_referential_integrity_checks", "msg": "Checking foreign key: gtdb_species_clade_id in pangenome.genome → gtdb_species_clade_id in pangenome.gtdb_species_clade"}
{"time": "2025-07-08 14:45:16,121", "pipeline": "pangenome", "schema": "pangenome", "table": "genome", "level": "INFO", "module": "run_referential_integrity_checks", "msg": "Violations found: 0"}
{"time": "2025-07-08 14:45:16,122", "pipeline": "pangenome", "schema": "pangenome", "table": "genome", "level": "INFO", "module": "run_referential_integrity_checks", "msg": "Checking foreign key: gtdb_taxonomy_id in pangenome.genome → gtdb_taxonomy_id in pangenome.gtdb_taxonomy_r214v1"}
{"time": "2025-07-08 14:45:17,543", "pipeline": "pangenome", "schema": "pangenome", "table": "genome", "level": "INFO", "module": "run_referential_integrity_checks", "msg": "Violations found: 293059"}
{"time": "2025-07-08 14:45:17,545", "pipeline": "pangenome", "schema": "pangenome", "table": "genome", "level": "WARNING", "module": "run_referential_integrity_checks", "msg": "293059 violations found in referential integrity check for FK gtdb_taxonomy_id"}
{"time": "2025-07-08 14:45:18,249", "pipeline": "pangenome", "schema": "pangenome", "table": "genome", "level": "DEBUG", "module": "config_loader", "msg": "Logging config: {'error_table': 'genome_errors', 'output_delta_path': 's3a://cdm-lake/logs/errors/genome'}"}
{"time": "2025-07-08 14:45:21,881", "pipeline": "pangenome", "schema": "pangenome", "table": "genome", "level": "INFO", "module": "run_referential_integrity_checks", "msg": "Violations logged to Delta table: pangenome.genome_errors at s3a://cdm-lake/logs/errors/genome"}
{"time": "2025-07-08 14:45:21,882", "pipeline": "pangenome", "schema": "pangenome", "table": "genome", "level": "ERROR", "module": "run_referential_integrity_checks", "msg": "Referential integrity check failed on FK gtdb_taxonomy_id. Stopping further checks."}
{"time": "2025-07-08 14:45:21,883", "pipeline": "pangenome", "schema": "pangenome", "table": "genome", "level": "WARNING", "module": "run_referential_integrity_checks", "msg": "Referential integrity check(s) failed."}
{"time": "2025-07-08 14:45:23,679", "pipeline": "pangenome", "schema": "pangenome", "table": "genome", "level": "DEBUG", "module": "config_loader", "msg": "Target table: pangenome.genome"}
{"time": "2025-07-08 14:45:23,680", "pipeline": "pangenome", "schema": "pangenome", "table": "genome", "level": "INFO", "module": "run_great_expectations_validations", "msg": "Starting Great Expectations validation for table: pangenome.genome with suite: default_suite"}
{"time": "2025-07-08 14:45:23,729", "pipeline": "pangenome", "schema": "pangenome", "table": "genome", "level": "INFO", "module": "run_great_expectations_validations", "msg": "Loaded Spark table: pangenome.genome"}
{"time": "2025-07-08 14:45:23,905", "pipeline": "pangenome", "schema": "pangenome", "table": "genome", "level": "INFO", "module": "run_great_expectations_validations", "msg": "Great Expectations context initialized."}
{"time": "2025-07-08 14:45:23,929", "pipeline": "pangenome", "schema": "pangenome", "table": "genome", "level": "INFO", "module": "run_great_expectations_validations", "msg": "Expectation suite 'default_suite' added or updated."}
{"time": "2025-07-08 14:45:24,017", "pipeline": "pangenome", "schema": "pangenome", "table": "genome", "level": "INFO", "module": "run_great_expectations_validations", "msg": "Spark datasource registered in GE context."}
{"time": "2025-07-08 14:45:24,018", "pipeline": "pangenome", "schema": "pangenome", "table": "genome", "level": "DEBUG", "module": "run_great_expectations_validations", "msg": "Batch request created for data asset: pangenome_genome"}
{"time": "2025-07-08 14:45:24,173", "pipeline": "pangenome", "schema": "pangenome", "table": "genome", "level": "INFO", "module": "run_great_expectations_validations", "msg": "Validator initialized for batch request."}
{"time": "2025-07-08 14:45:25,989", "pipeline": "pangenome", "schema": "pangenome", "table": "genome", "level": "INFO", "module": "run_great_expectations_validations", "msg": "Expectations saved to suite."}
{"time": "2025-07-08 14:45:26,472", "pipeline": "pangenome", "schema": "pangenome", "table": "genome", "level": "INFO", "module": "run_great_expectations_validations", "msg": "Validation run completed."}
{"time": "2025-07-08 14:45:26,475", "pipeline": "pangenome", "schema": "pangenome", "table": "genome", "level": "DEBUG", "module": "run_great_expectations_validations", "msg": "Validation summary: {'success': True, 'successful_expectations': 4, 'unsuccessful_expectations': 0, 'success_percent': 100.0}"}
{"time": "2025-07-08 14:45:27,208", "pipeline": "pangenome", "schema": "pangenome", "table": "genome", "level": "INFO", "module": "run_great_expectations_validations", "msg": "Data Docs built after validation."}
{"time": "2025-07-08 14:45:28,384", "pipeline": "pangenome", "schema": "pangenome", "table": "genome", "level": "INFO", "module": "run_great_expectations_validations", "msg": "Checkpoint executed."}
{"time": "2025-07-08 14:45:29,154", "pipeline": "pangenome", "schema": "pangenome", "table": "genome", "level": "INFO", "module": "run_great_expectations_validations", "msg": "Data Docs rebuilt with checkpoint results."}
{"time": "2025-07-08 16:03:38,724", "pipeline": "pangenome", "schema": "pangenome", "table": "genome", "level": "DEBUG", "module": "config_loader", "msg": "Target table: pangenome.genome"}
{"time": "2025-07-08 16:03:38,727", "pipeline": "pangenome", "schema": "pangenome", "table": "genome", "level": "INFO", "module": "run_great_expectations_validations", "msg": "Starting Great Expectations validation for table: pangenome.genome with suite: default_suite"}
{"time": "2025-07-08 16:03:39,018", "pipeline": "pangenome", "schema": "pangenome", "table": "genome", "level": "INFO", "module": "run_great_expectations_validations", "msg": "Loaded Spark table: pangenome.genome"}
{"time": "2025-07-08 16:03:39,215", "pipeline": "pangenome", "schema": "pangenome", "table": "genome", "level": "INFO", "module": "run_great_expectations_validations", "msg": "Great Expectations context initialized."}
{"time": "2025-07-08 16:03:39,240", "pipeline": "pangenome", "schema": "pangenome", "table": "genome", "level": "INFO", "module": "run_great_expectations_validations", "msg": "Expectation suite 'default_suite' added or updated."}
{"time": "2025-07-08 16:03:39,340", "pipeline": "pangenome", "schema": "pangenome", "table": "genome", "level": "INFO", "module": "run_great_expectations_validations", "msg": "Spark datasource registered in GE context."}
{"time": "2025-07-08 16:03:39,342", "pipeline": "pangenome", "schema": "pangenome", "table": "genome", "level": "DEBUG", "module": "run_great_expectations_validations", "msg": "Batch request created for data asset: pangenome_genome"}
{"time": "2025-07-08 16:03:39,366", "pipeline": "pangenome", "schema": "pangenome", "table": "genome", "level": "INFO", "module": "run_great_expectations_validations", "msg": "Validator initialized for batch request."}
{"time": "2025-07-08 16:03:40,842", "pipeline": "pangenome", "schema": "pangenome", "table": "genome", "level": "INFO", "module": "run_great_expectations_validations", "msg": "Expectations saved to suite."}
{"time": "2025-07-08 16:03:41,346", "pipeline": "pangenome", "schema": "pangenome", "table": "genome", "level": "INFO", "module": "run_great_expectations_validations", "msg": "Validation run completed."}
{"time": "2025-07-08 16:03:41,349", "pipeline": "pangenome", "schema": "pangenome", "table": "genome", "level": "DEBUG", "module": "run_great_expectations_validations", "msg": "Validation summary: {'success': True, 'successful_expectations': 4, 'unsuccessful_expectations': 0, 'success_percent': 100.0}"}
{"time": "2025-07-08 16:03:42,140", "pipeline": "pangenome", "schema": "pangenome", "table": "genome", "level": "INFO", "module": "run_great_expectations_validations", "msg": "Data Docs built after validation."}
{"time": "2025-07-08 16:03:43,477", "pipeline": "pangenome", "schema": "pangenome", "table": "genome", "level": "INFO", "module": "run_great_expectations_validations", "msg": "Checkpoint executed."}
{"time": "2025-07-08 16:03:44,349", "pipeline": "pangenome", "schema": "pangenome", "table": "genome", "level": "INFO", "module": "run_great_expectations_validations", "msg": "Data Docs rebuilt with checkpoint results."}
