{"time": "2025-07-09 03:52:12,620", "pipeline": "pangenome", "schema": "pangenome", "table": "gtdb_species_clade", "level": "INFO", "module": "927176468", "msg": "Notebook started"}
{"time": "2025-07-09 03:52:12,633", "pipeline": "pangenome", "schema": "pangenome", "table": "gtdb_species_clade", "level": "INFO", "module": "config_loader", "msg": "ConfigLoader initialized for target table: gtdb_species_clade"}
{"time": "2025-07-09 03:52:12,634", "pipeline": "pangenome", "schema": "pangenome", "table": "gtdb_species_clade", "level": "INFO", "module": "config_loader", "msg": "Resolved config path: s3a://cdm-lake/config-json/gtdb_species_clade.json"}
{"time": "2025-07-09 03:52:12,635", "pipeline": "pangenome", "schema": "pangenome", "table": "gtdb_species_clade", "level": "INFO", "module": "config_loader", "msg": "Loading config from MinIO: bucket=cdm-lake, key=config-json/gtdb_species_clade.json"}
{"time": "2025-07-09 03:52:12,824", "pipeline": "pangenome", "schema": "pangenome", "table": "gtdb_species_clade", "level": "INFO", "module": "config_loader", "msg": "Config loaded successfully from MinIO"}
{"time": "2025-07-09 03:52:12,826", "pipeline": "pangenome", "schema": "pangenome", "table": "gtdb_species_clade", "level": "INFO", "module": "config_loader", "msg": "All required fields are present in the config"}
{"time": "2025-07-09 03:52:12,827", "pipeline": "pangenome", "schema": "pangenome", "table": "gtdb_species_clade", "level": "DEBUG", "module": "config_loader", "msg": "Target table: pangenome.gtdb_species_clade"}
{"time": "2025-07-09 03:52:13,129", "pipeline": "pangenome", "schema": "pangenome", "table": "gtdb_species_clade", "level": "INFO", "module": "spark_session", "msg": "Found 4 JARs in /home/jovyan/jars"}
{"time": "2025-07-09 03:52:13,130", "pipeline": "pangenome", "schema": "pangenome", "table": "gtdb_species_clade", "level": "DEBUG", "module": "spark_session", "msg": "JARs: ['/home/jovyan/jars/aws-java-sdk-bundle-1.12.367.jar', '/home/jovyan/jars/delta-core_2.12-2.4.0.jar', '/home/jovyan/jars/delta-storage-2.4.0.jar', '/home/jovyan/jars/hadoop-aws-3.3.4.jar']"}
{"time": "2025-07-09 03:52:13,131", "pipeline": "pangenome", "schema": "pangenome", "table": "gtdb_species_clade", "level": "INFO", "module": "spark_session", "msg": "Starting Spark session..."}
{"time": "2025-07-09 03:52:17,871", "pipeline": "pangenome", "schema": "pangenome", "table": "gtdb_species_clade", "level": "INFO", "module": "spark_session", "msg": "Spark session started successfully"}
{"time": "2025-07-09 03:52:22,966", "pipeline": "pangenome", "schema": "pangenome", "table": "gtdb_species_clade", "level": "DEBUG", "module": "config_loader", "msg": "Input files: [{'source': 'GTDB', 'file_path': 's3a://cdm-lake/bronze/gtdb/sp_clusters_r214.tsv', 'file_type': 'tsv', 'delimiter': '\t', 'ignore_first_line': 'no'}, {'source': 'NCBI', 'file_path': 's3a://cdm-lake/bronze/ncbi/assembly_summary_genbank.txt', 'file_type': 'tsv', 'delimiter': '\t', 'ignore_first_line': 'yes'}]"}
{"time": "2025-07-09 03:52:22,967", "pipeline": "pangenome", "schema": "pangenome", "table": "gtdb_species_clade", "level": "INFO", "module": "input_file_validator", "msg": "Starting input file validation..."}
{"time": "2025-07-09 03:52:22,971", "pipeline": "pangenome", "schema": "pangenome", "table": "gtdb_species_clade", "level": "INFO", "module": "input_file_validator", "msg": "Checking file: s3a://cdm-lake/bronze/gtdb/sp_clusters_r214.tsv"}
{"time": "2025-07-09 03:52:22,980", "pipeline": "pangenome", "schema": "pangenome", "table": "gtdb_species_clade", "level": "INFO", "module": "input_file_validator", "msg": "File exists: s3://cdm-lake/bronze/gtdb/sp_clusters_r214.tsv"}
{"time": "2025-07-09 03:52:23,099", "pipeline": "pangenome", "schema": "pangenome", "table": "gtdb_species_clade", "level": "DEBUG", "module": "input_file_validator", "msg": "Line 1: Tab-delimited"}
{"time": "2025-07-09 03:52:23,100", "pipeline": "pangenome", "schema": "pangenome", "table": "gtdb_species_clade", "level": "DEBUG", "module": "input_file_validator", "msg": "Line 2: Tab-delimited"}
{"time": "2025-07-09 03:52:23,100", "pipeline": "pangenome", "schema": "pangenome", "table": "gtdb_species_clade", "level": "DEBUG", "module": "input_file_validator", "msg": "Line 3: Tab-delimited"}
{"time": "2025-07-09 03:52:23,101", "pipeline": "pangenome", "schema": "pangenome", "table": "gtdb_species_clade", "level": "DEBUG", "module": "input_file_validator", "msg": "Line 4: Tab-delimited"}
{"time": "2025-07-09 03:52:23,101", "pipeline": "pangenome", "schema": "pangenome", "table": "gtdb_species_clade", "level": "DEBUG", "module": "input_file_validator", "msg": "Line 5: Tab-delimited"}
{"time": "2025-07-09 03:52:23,102", "pipeline": "pangenome", "schema": "pangenome", "table": "gtdb_species_clade", "level": "INFO", "module": "input_file_validator", "msg": "Checking file: s3a://cdm-lake/bronze/ncbi/assembly_summary_genbank.txt"}
{"time": "2025-07-09 03:52:23,108", "pipeline": "pangenome", "schema": "pangenome", "table": "gtdb_species_clade", "level": "INFO", "module": "input_file_validator", "msg": "File exists: s3://cdm-lake/bronze/ncbi/assembly_summary_genbank.txt"}
