{"time": "2025-07-09 15:44:35,897", "pipeline": "pangenome", "schema": "pangenome", "table": "genome", "level": "INFO", "module": "2161914337", "msg": "Notebook started"}
{"time": "2025-07-09 15:44:35,910", "pipeline": "pangenome", "schema": "pangenome", "table": "genome", "level": "INFO", "module": "config_loader", "msg": "ConfigLoader initialized for target table: genome"}
{"time": "2025-07-09 15:44:35,910", "pipeline": "pangenome", "schema": "pangenome", "table": "genome", "level": "INFO", "module": "config_loader", "msg": "Resolved config path: s3a://cdm-lake/config-json/genome.json"}
{"time": "2025-07-09 15:44:35,911", "pipeline": "pangenome", "schema": "pangenome", "table": "genome", "level": "INFO", "module": "config_loader", "msg": "Loading config from MinIO: bucket=cdm-lake, key=config-json/genome.json"}
{"time": "2025-07-09 15:44:36,121", "pipeline": "pangenome", "schema": "pangenome", "table": "genome", "level": "INFO", "module": "config_loader", "msg": "Config loaded successfully from MinIO"}
{"time": "2025-07-09 15:44:36,122", "pipeline": "pangenome", "schema": "pangenome", "table": "genome", "level": "INFO", "module": "config_loader", "msg": "All required fields are present in the config"}
{"time": "2025-07-09 15:44:36,123", "pipeline": "pangenome", "schema": "pangenome", "table": "genome", "level": "DEBUG", "module": "config_loader", "msg": "Target table: pangenome.genome"}
{"time": "2025-07-09 15:44:36,424", "pipeline": "pangenome", "schema": "pangenome", "table": "genome", "level": "INFO", "module": "spark_session", "msg": "Found 4 JARs in /home/jovyan/jars"}
{"time": "2025-07-09 15:44:36,425", "pipeline": "pangenome", "schema": "pangenome", "table": "genome", "level": "DEBUG", "module": "spark_session", "msg": "JARs: ['/home/jovyan/jars/aws-java-sdk-bundle-1.12.367.jar', '/home/jovyan/jars/delta-core_2.12-2.4.0.jar', '/home/jovyan/jars/delta-storage-2.4.0.jar', '/home/jovyan/jars/hadoop-aws-3.3.4.jar']"}
{"time": "2025-07-09 15:44:36,425", "pipeline": "pangenome", "schema": "pangenome", "table": "genome", "level": "INFO", "module": "spark_session", "msg": "Starting Spark session..."}
{"time": "2025-07-09 15:44:41,068", "pipeline": "pangenome", "schema": "pangenome", "table": "genome", "level": "INFO", "module": "spark_session", "msg": "Spark session started successfully"}
{"time": "2025-07-09 15:44:45,731", "pipeline": "pangenome", "schema": "pangenome", "table": "genome", "level": "DEBUG", "module": "config_loader", "msg": "Input files: [{'source': 'GTDB', 'file_path': 's3a://cdm-lake/bronze/gtdb/sp_clusters_r214.tsv', 'file_type': 'tsv', 'delimiter': '\t', 'ignore_first_line': 'no'}, {'source': 'NCBI', 'file_path': 's3a://cdm-lake/bronze/ncbi/assembly_summary_genbank.txt', 'file_type': 'tsv', 'delimiter': '\t', 'ignore_first_line': 'yes'}]"}
{"time": "2025-07-09 15:44:45,731", "pipeline": "pangenome", "schema": "pangenome", "table": "genome", "level": "INFO", "module": "input_file_validator", "msg": "Starting input file validation..."}
{"time": "2025-07-09 15:44:45,736", "pipeline": "pangenome", "schema": "pangenome", "table": "genome", "level": "INFO", "module": "input_file_validator", "msg": "Checking file: s3a://cdm-lake/bronze/gtdb/sp_clusters_r214.tsv"}
{"time": "2025-07-09 15:44:45,744", "pipeline": "pangenome", "schema": "pangenome", "table": "genome", "level": "INFO", "module": "input_file_validator", "msg": "File exists: s3://cdm-lake/bronze/gtdb/sp_clusters_r214.tsv"}
{"time": "2025-07-09 15:44:45,863", "pipeline": "pangenome", "schema": "pangenome", "table": "genome", "level": "DEBUG", "module": "input_file_validator", "msg": "Line 1: Tab-delimited"}
{"time": "2025-07-09 15:44:45,864", "pipeline": "pangenome", "schema": "pangenome", "table": "genome", "level": "DEBUG", "module": "input_file_validator", "msg": "Line 2: Tab-delimited"}
{"time": "2025-07-09 15:44:45,865", "pipeline": "pangenome", "schema": "pangenome", "table": "genome", "level": "DEBUG", "module": "input_file_validator", "msg": "Line 3: Tab-delimited"}
{"time": "2025-07-09 15:44:45,866", "pipeline": "pangenome", "schema": "pangenome", "table": "genome", "level": "DEBUG", "module": "input_file_validator", "msg": "Line 4: Tab-delimited"}
{"time": "2025-07-09 15:44:45,867", "pipeline": "pangenome", "schema": "pangenome", "table": "genome", "level": "DEBUG", "module": "input_file_validator", "msg": "Line 5: Tab-delimited"}
{"time": "2025-07-09 15:44:45,867", "pipeline": "pangenome", "schema": "pangenome", "table": "genome", "level": "INFO", "module": "input_file_validator", "msg": "Checking file: s3a://cdm-lake/bronze/ncbi/assembly_summary_genbank.txt"}
{"time": "2025-07-09 15:44:45,873", "pipeline": "pangenome", "schema": "pangenome", "table": "genome", "level": "INFO", "module": "input_file_validator", "msg": "File exists: s3://cdm-lake/bronze/ncbi/assembly_summary_genbank.txt"}
{"time": "2025-07-09 15:45:35,512", "pipeline": "pangenome", "schema": "pangenome", "table": "genome", "level": "DEBUG", "module": "input_file_validator", "msg": "Line 2: Tab-delimited"}
{"time": "2025-07-09 15:45:35,607", "pipeline": "pangenome", "schema": "pangenome", "table": "genome", "level": "DEBUG", "module": "input_file_validator", "msg": "Line 3: Tab-delimited"}
{"time": "2025-07-09 15:45:35,609", "pipeline": "pangenome", "schema": "pangenome", "table": "genome", "level": "DEBUG", "module": "input_file_validator", "msg": "Line 4: Tab-delimited"}
{"time": "2025-07-09 15:45:35,611", "pipeline": "pangenome", "schema": "pangenome", "table": "genome", "level": "DEBUG", "module": "input_file_validator", "msg": "Line 5: Tab-delimited"}
{"time": "2025-07-09 15:45:35,613", "pipeline": "pangenome", "schema": "pangenome", "table": "genome", "level": "DEBUG", "module": "input_file_validator", "msg": "Line 6: Tab-delimited"}
{"time": "2025-07-09 15:45:46,985", "pipeline": "pangenome", "schema": "pangenome", "table": "genome", "level": "INFO", "module": "validate_schema", "msg": "Starting schema vs. file validation"}
{"time": "2025-07-09 15:45:47,137", "pipeline": "pangenome", "schema": "pangenome", "table": "genome", "level": "DEBUG", "module": "config_loader", "msg": "Output file: {'output_file_path': 's3a://cdm-lake/pangenome-source/table_genome_V1.1.tsv', 'file_type': 'tsv', 'delimiter': '\t', 'ignore_first_line': 'no'}"}
{"time": "2025-07-09 15:45:47,139", "pipeline": "pangenome", "schema": "pangenome", "table": "genome", "level": "INFO", "module": "validate_schema", "msg": "Output file: s3a://cdm-lake/pangenome-source/table_genome_V1.1.tsv"}
{"time": "2025-07-09 15:45:47,139", "pipeline": "pangenome", "schema": "pangenome", "table": "genome", "level": "DEBUG", "module": "validate_schema", "msg": "Delimiter: 	, Ignore first line: False"}
{"time": "2025-07-09 15:45:47,882", "pipeline": "pangenome", "schema": "pangenome", "table": "genome", "level": "INFO", "module": "validate_schema", "msg": "Header columns successfully extracted from output file"}
{"time": "2025-07-09 15:45:47,884", "pipeline": "pangenome", "schema": "pangenome", "table": "genome", "level": "DEBUG", "module": "validate_schema", "msg": "Header columns: ['genome_id', 'gtdb_species_clade_id', 'gtdb_taxonomy_id', 'ncbi_biosample_id', 'fna_file_path_nersc', 'faa_file_path_nersc']"}
{"time": "2025-07-09 15:45:47,885", "pipeline": "pangenome", "schema": "pangenome", "table": "genome", "level": "DEBUG", "module": "config_loader", "msg": "Schema file path: s3a://cdm-lake/schemas/pangenome-schema.yaml"}
{"time": "2025-07-09 15:45:47,886", "pipeline": "pangenome", "schema": "pangenome", "table": "genome", "level": "INFO", "module": "validate_schema", "msg": "Schema file: s3a://cdm-lake/schemas/pangenome-schema.yaml"}
{"time": "2025-07-09 15:45:47,957", "pipeline": "pangenome", "schema": "pangenome", "table": "genome", "level": "DEBUG", "module": "config_loader", "msg": "Target table: pangenome.genome"}
{"time": "2025-07-09 15:45:47,958", "pipeline": "pangenome", "schema": "pangenome", "table": "genome", "level": "INFO", "module": "validate_schema", "msg": "Derived schema class name: genome"}
{"time": "2025-07-09 15:45:47,959", "pipeline": "pangenome", "schema": "pangenome", "table": "genome", "level": "INFO", "module": "validate_schema", "msg": "Schema loaded and class found successfully"}
{"time": "2025-07-09 15:45:47,960", "pipeline": "pangenome", "schema": "pangenome", "table": "genome", "level": "DEBUG", "module": "validate_schema", "msg": "Schema columns: ['genome_id', 'gtdb_taxonomy_id', 'gtdb_species_clade_id', 'ncbi_biosample_id', 'fna_file_path_nersc', 'faa_file_path_nersc']"}
{"time": "2025-07-09 15:45:47,960", "pipeline": "pangenome", "schema": "pangenome", "table": "genome", "level": "INFO", "module": "validate_schema", "msg": "Comparison between schema and file header completed"}
{"time": "2025-07-09 15:45:47,961", "pipeline": "pangenome", "schema": "pangenome", "table": "genome", "level": "INFO", "module": "validate_schema", "msg": "All schema columns are present in the file"}
{"time": "2025-07-09 15:45:47,962", "pipeline": "pangenome", "schema": "pangenome", "table": "genome", "level": "INFO", "module": "validate_schema", "msg": "No extra columns in the file"}
{"time": "2025-07-09 15:45:47,983", "pipeline": "pangenome", "schema": "pangenome", "table": "genome", "level": "DEBUG", "module": "config_loader", "msg": "Output file: {'output_file_path': 's3a://cdm-lake/pangenome-source/table_genome_V1.1.tsv', 'file_type': 'tsv', 'delimiter': '\t', 'ignore_first_line': 'no'}"}
{"time": "2025-07-09 15:45:47,983", "pipeline": "pangenome", "schema": "pangenome", "table": "genome", "level": "INFO", "module": "run_validations", "msg": "Starting validation on file: s3a://cdm-lake/pangenome-source/table_genome_V1.1.tsv"}
{"time": "2025-07-09 15:45:47,984", "pipeline": "pangenome", "schema": "pangenome", "table": "genome", "level": "DEBUG", "module": "run_validations", "msg": "Delimiter: 	, Ignore first line: False"}
{"time": "2025-07-09 15:45:47,985", "pipeline": "pangenome", "schema": "pangenome", "table": "genome", "level": "DEBUG", "module": "config_loader", "msg": "Validations: [{'column': 'genome_id', 'validation_type': 'not_null', 'error_message': 'Missing genome_id'}, {'column': 'genome_id', 'validation_type': 'regex_match', 'pattern': '^[A-Za-z0-9_.-]+$', 'error_message': 'Invalid genome_id format'}, {'column': 'gtdb_taxonomy_id', 'validation_type': 'not_null', 'error_message': 'Missing taxonomy ID'}, {'column': 'gtdb_species_clade_id', 'validation_type': 'not_null', 'error_message': 'Missing species clade ID'}]"}
{"time": "2025-07-09 15:45:47,986", "pipeline": "pangenome", "schema": "pangenome", "table": "genome", "level": "DEBUG", "module": "run_validations", "msg": "Validation rules: [{'column': 'genome_id', 'validation_type': 'not_null', 'error_message': 'Missing genome_id'}, {'column': 'genome_id', 'validation_type': 'regex_match', 'pattern': '^[A-Za-z0-9_.-]+$', 'error_message': 'Invalid genome_id format'}, {'column': 'gtdb_taxonomy_id', 'validation_type': 'not_null', 'error_message': 'Missing taxonomy ID'}, {'column': 'gtdb_species_clade_id', 'validation_type': 'not_null', 'error_message': 'Missing species clade ID'}]"}
{"time": "2025-07-09 15:45:50,805", "pipeline": "pangenome", "schema": "pangenome", "table": "genome", "level": "INFO", "module": "run_validations", "msg": "Running validations..."}
{"time": "2025-07-09 15:45:50,806", "pipeline": "pangenome", "schema": "pangenome", "table": "genome", "level": "DEBUG", "module": "run_validations", "msg": "Header columns: ['genome_id', 'gtdb_species_clade_id', 'gtdb_taxonomy_id', 'ncbi_biosample_id', 'fna_file_path_nersc', 'faa_file_path_nersc']"}
{"time": "2025-07-09 15:45:51,193", "pipeline": "pangenome", "schema": "pangenome", "table": "genome", "level": "INFO", "module": "run_validations", "msg": "Validation summary:"}
{"time": "2025-07-09 15:45:51,194", "pipeline": "pangenome", "schema": "pangenome", "table": "genome", "level": "INFO", "module": "run_validations", "msg": "All validation rules passed. No issues found."}
{"time": "2025-07-09 15:45:51,257", "pipeline": "pangenome", "schema": "pangenome", "table": "genome", "level": "INFO", "module": "config_loader", "msg": "Loading config from MinIO: bucket=cdm-lake, key=config-json/genome.json"}
{"time": "2025-07-09 15:45:51,267", "pipeline": "pangenome", "schema": "pangenome", "table": "genome", "level": "INFO", "module": "config_loader", "msg": "Config loaded successfully from MinIO"}
{"time": "2025-07-09 15:45:51,268", "pipeline": "pangenome", "schema": "pangenome", "table": "genome", "level": "INFO", "module": "config_loader", "msg": "All required fields are present in the config"}
{"time": "2025-07-09 15:45:51,269", "pipeline": "pangenome", "schema": "pangenome", "table": "genome", "level": "DEBUG", "module": "config_loader", "msg": "Referential integrity rules: [{'foreign_key': 'genome_id', 'reference_table': 'gtdb_metadata', 'reference_column': 'accession', 'database': 'pangenome', 'action': 'log'}, {'foreign_key': 'gtdb_species_clade_id', 'reference_table': 'gtdb_species_clade', 'reference_column': 'gtdb_species_clade_id', 'database': 'pangenome', 'action': 'log'}, {'foreign_key': 'gtdb_taxonomy_id', 'reference_table': 'gtdb_taxonomy_r214v1', 'reference_column': 'gtdb_taxonomy_id', 'database': 'pangenome', 'action': 'log'}]"}
{"time": "2025-07-09 15:45:51,269", "pipeline": "pangenome", "schema": "pangenome", "table": "genome", "level": "DEBUG", "module": "config_loader", "msg": "Target table: pangenome.genome"}
{"time": "2025-07-09 15:45:58,768", "pipeline": "pangenome", "schema": "pangenome", "table": "genome", "level": "INFO", "module": "run_referential_integrity_checks", "msg": "Starting referential integrity checks for table: pangenome.genome"}
{"time": "2025-07-09 15:45:58,769", "pipeline": "pangenome", "schema": "pangenome", "table": "genome", "level": "INFO", "module": "run_referential_integrity_checks", "msg": "Checking foreign key: genome_id in pangenome.genome → accession in pangenome.gtdb_metadata"}
{"time": "2025-07-09 15:46:05,085", "pipeline": "pangenome", "schema": "pangenome", "table": "genome", "level": "INFO", "module": "run_referential_integrity_checks", "msg": "Violations found: 0"}
{"time": "2025-07-09 15:46:05,086", "pipeline": "pangenome", "schema": "pangenome", "table": "genome", "level": "INFO", "module": "run_referential_integrity_checks", "msg": "Checking foreign key: gtdb_species_clade_id in pangenome.genome → gtdb_species_clade_id in pangenome.gtdb_species_clade"}
{"time": "2025-07-09 15:46:06,501", "pipeline": "pangenome", "schema": "pangenome", "table": "genome", "level": "INFO", "module": "run_referential_integrity_checks", "msg": "Violations found: 0"}
{"time": "2025-07-09 15:46:06,502", "pipeline": "pangenome", "schema": "pangenome", "table": "genome", "level": "INFO", "module": "run_referential_integrity_checks", "msg": "Checking foreign key: gtdb_taxonomy_id in pangenome.genome → gtdb_taxonomy_id in pangenome.gtdb_taxonomy_r214v1"}
{"time": "2025-07-09 15:46:07,897", "pipeline": "pangenome", "schema": "pangenome", "table": "genome", "level": "INFO", "module": "run_referential_integrity_checks", "msg": "Violations found: 293059"}
{"time": "2025-07-09 15:46:07,898", "pipeline": "pangenome", "schema": "pangenome", "table": "genome", "level": "WARNING", "module": "run_referential_integrity_checks", "msg": "293059 violations found in referential integrity check for FK gtdb_taxonomy_id"}
{"time": "2025-07-09 15:46:08,545", "pipeline": "pangenome", "schema": "pangenome", "table": "genome", "level": "DEBUG", "module": "config_loader", "msg": "Logging config: {'error_table': 'genome_errors', 'output_delta_path': 's3a://cdm-lake/logs/errors/genome'}"}
{"time": "2025-07-09 15:46:13,006", "pipeline": "pangenome", "schema": "pangenome", "table": "genome", "level": "INFO", "module": "run_referential_integrity_checks", "msg": "Violations logged to Delta table: pangenome.genome_errors at s3a://cdm-lake/logs/errors/genome"}
{"time": "2025-07-09 15:46:13,007", "pipeline": "pangenome", "schema": "pangenome", "table": "genome", "level": "ERROR", "module": "run_referential_integrity_checks", "msg": "Referential integrity check failed on FK gtdb_taxonomy_id. Stopping further checks."}
{"time": "2025-07-09 15:46:13,008", "pipeline": "pangenome", "schema": "pangenome", "table": "genome", "level": "WARNING", "module": "run_referential_integrity_checks", "msg": "Referential integrity check(s) failed."}
